2022-01-18 09:00:02.002,osPartiallyFilled,sBuy,1,62.5,2340,otLimit,tifNone,0,ya2X8,00,台亞,1642514402.0,TSE700ebebf549d46359b400310e99e543d
2022-01-18 09:00:02.002,osPartiallyFilled,sBuy,1,62.5,2340,otLimit,tifNone,0,ya2X8,00,台亞,1642514402.0,TSE968cc7b6aa8b4ecfa1ea6fc4d7fc2389
2022-01-18 09:00:02.002,osPartiallyFilled,sBuy,1,62.5,2340,otLimit,tifNone,0,ya2X8,00,台亞,1642514402.0,TSE0edf2e1ef71a4e6ab6cfb1fead0c7356
2022-01-18 09:00:02.002,osPartiallyFilled,sBuy,1,62.5,2340,otLimit,tifNone,0,ya2X8,00,台亞,1642514402.0,TSEad5255646836488da89c797d18a28b3e
2022-01-18 09:00:04.150,osPartiallyFilled,sSell,1,22,2409,otLimit,tifNone,4,ya2Xw,00,友達,1642514404.0,TSEd5f05be5ac2a419c9bc37d98bbb26d4e
2022-01-18 09:00:04.150,osPartiallyFilled,sSell,1,22,2409,otLimit,tifNone,4,ya2Xw,00,友達,1642514404.0,TSEa41a65e3f8414df695afadf570238c99
2022-01-18 09:00:04.150,osPartiallyFilled,sSell,1,22,2409,otLimit,tifNone,4,ya2Xw,00,友達,1642514404.0,TSE10b47358687647f2b9e991fe62842873
2022-01-18 09:00:04.150,osPartiallyFilled,sSell,1,22,2409,otLimit,tifNone,4,ya2Xw,00,友達,1642514404.0,TSE7c8b9393f7f8462aa03ab6b94ce2e863
2022-01-18 09:00:04.150,osPartiallyFilled,sSell,1,22,2409,otLimit,tifNone,4,ya2Xw,00,友達,1642514404.0,TSE7cd09018e3a64a819d9761ab01154711
2022-01-18 09:00:04.150,osPartiallyFilled,sSell,1,22,2409,otLimit,tifNone,4,ya2Xw,00,友達,1642514404.0,TSE57ab9babe50a4b86916229ec68da998b
2022-01-18 09:00:04.150,osPartiallyFilled,sSell,1,22,2409,otLimit,tifNone,4,ya2Xw,00,友達,1642514404.0,TSE81c41543c55c4ef49cfc7ecd9910a54a
2022-01-18 09:00:04.150,osPartiallyFilled,sSell,1,22,2409,otLimit,tifNone,4,ya2Xw,00,友達,1642514404.0,TSE4cca655b809545988b6f5911e6556a33
2022-01-18 09:00:04.150,osPartiallyFilled,sSell,1,22,2409,otLimit,tifNone,4,ya2Xw,00,友達,1642514404.0,TSEd4adec399f39485f90bf2adfded54194
2022-01-18 09:00:04.150,osPartiallyFilled,sSell,1,22,2409,otLimit,tifNone,4,ya2Xw,00,友達,1642514404.0,TSE599e733457a5421cb3fbf0e7ec8adbfe
2022-01-18 09:00:04.150,osPartiallyFilled,sSell,1,22,2409,otLimit,tifNone,4,ya2Xw,00,友達,1642514404.0,TSE8aeadad7671246e0ab4796f8573521de
2022-01-18 09:00:04.150,osPartiallyFilled,sSell,1,22,2409,otLimit,tifNone,4,ya2Xw,00,友達,1642514404.0,TSEa2a8f49df5744b409aa5171c0c14620a
2022-01-18 09:00:04.150,osPartiallyFilled,sSell,1,22,2409,otLimit,tifNone,4,ya2Xw,00,友達,1642514404.0,TSE856e574b24854a80a145a95289737be2
2022-01-18 09:00:04.150,osPartiallyFilled,sSell,1,22,2409,otLimit,tifNone,4,ya2Xw,00,友達,1642514404.0,TSE7be333bff06949979d15e64e537542bc
2022-01-18 09:00:04.150,osPartiallyFilled,sSell,1,22,2409,otLimit,tifNone,4,ya2Xw,00,友達,1642514404.0,TSE6352271d3de34f8c9d7a53db90b0dd23
2022-01-18 09:00:04.150,osPartiallyFilled,sSell,1,22,2409,otLimit,tifNone,4,ya2Xw,00,友達,1642514404.0,TSEeac1c7f47bc2411092b6770aced8b860
2022-01-18 09:00:04.150,osPartiallyFilled,sSell,1,22,2409,otLimit,tifNone,4,ya2Xw,00,友達,1642514404.0,TSE345ed9bcb825457bab70092f75c3b104
2022-01-18 09:00:04.150,osPartiallyFilled,sSell,1,22,2409,otLimit,tifNone,4,ya2Xw,00,友達,1642514404.0,TSE5596b769f740448ea4632b6771951405
2022-01-18 09:00:04.150,osPartiallyFilled,sSell,1,22,2409,otLimit,tifNone,4,ya2Xw,00,友達,1642514404.0,TSEd95eaac6c3dd409ea8913221a3d65be1
2022-01-18 09:00:04.150,osPartiallyFilled,sSell,1,22,2409,otLimit,tifNone,4,ya2Xw,00,友達,1642514404.0,TSE06b6aa763e1d45af9dc79ea649609c68
2022-01-18 09:00:04.150,osPartiallyFilled,sSell,1,22,2409,otLimit,tifNone,4,ya2Xw,00,友達,1642514404.0,TSE42b6f5e4afc4405ca6d9f74da880434b
2022-01-18 09:00:04.150,osPartiallyFilled,sSell,1,22,2409,otLimit,tifNone,4,ya2Xw,00,友達,1642514404.0,TSE293f1b3ef3a34260a5653a46996adffa
2022-01-18 09:00:04.150,osPartiallyFilled,sSell,1,22,2409,otLimit,tifNone,4,ya2Xw,00,友達,1642514404.0,TSEa41543213dba45e88453058b6ee0a977
2022-01-18 09:00:04.150,osPartiallyFilled,sSell,1,22,2409,otLimit,tifNone,4,ya2Xw,00,友達,1642514404.0,TSE6b7103597c554be793e0a35780490188
2022-01-18 09:00:04.150,osPartiallyFilled,sSell,1,22,2409,otLimit,tifNone,4,ya2Xw,00,友達,1642514404.0,TSE6fe46020fe824569bdc6d29f0ba4d6a2
2022-01-18 09:00:04.150,osPartiallyFilled,sSell,1,22,2409,otLimit,tifNone,4,ya2Xw,00,友達,1642514404.0,TSEed19d3a5a9bd49c38fa59ac709160468
2022-01-18 09:00:04.351,osPartiallyFilled,sBuy,1,66.6,2882,otLimit,tifNone,0,ya2Y2,00,國泰金,1642514404.0,TSE1deddb5f33a7416da97e501e489a4e80
2022-01-18 09:00:04.351,osPartiallyFilled,sBuy,1,66.6,2882,otLimit,tifNone,0,ya2Y2,00,國泰金,1642514404.0,TSE9a0fc005501e4fb89b15bd026ace87f7
2022-01-18 09:00:04.351,osPartiallyFilled,sBuy,1,66.6,2882,otLimit,tifNone,0,ya2Y2,00,國泰金,1642514404.0,TSE123f82b003684329848a95f1fbb75d45
2022-01-18 09:00:04.351,osPartiallyFilled,sBuy,1,66.6,2882,otLimit,tifNone,0,ya2Y2,00,國泰金,1642514404.0,TSE5185c6d754254059a7058e7018103340
2022-01-18 09:00:04.351,osPartiallyFilled,sBuy,1,66.6,2882,otLimit,tifNone,0,ya2Y2,00,國泰金,1642514404.0,TSEe59a3d32b3c943119ab25dca31a89500
2022-01-18 09:00:04.351,osPartiallyFilled,sBuy,1,66.6,2882,otLimit,tifNone,0,ya2Y2,00,國泰金,1642514404.0,TSEf65b6aa82a2248788271b95b93d552b0
2022-01-18 09:00:04.351,osPartiallyFilled,sBuy,1,66.6,2882,otLimit,tifNone,0,ya2Y2,00,國泰金,1642514404.0,TSE2024da325104497083ea090288557817
2022-01-18 09:00:04.351,osPartiallyFilled,sBuy,1,66.6,2882,otLimit,tifNone,0,ya2Y2,00,國泰金,1642514404.0,TSE5f9ae54bf0634c75bea13bbabd9f0aa9
2022-01-18 09:00:04.955,osPartiallyFilled,sBuy,1,46.3,2449,otLimit,tifNone,0,ya2Y5,00,京元電子,1642514404.0,TSE71844a1ac3184f29a5627274ba9f5e5d
2022-01-18 09:00:04.955,osPartiallyFilled,sBuy,1,46.3,2449,otLimit,tifNone,0,ya2Y5,00,京元電子,1642514404.0,TSEc8e38f588cc64f35a7adca0dc2a57989
2022-01-18 09:00:04.955,osPartiallyFilled,sBuy,1,46.3,2449,otLimit,tifNone,0,ya2Y5,00,京元電子,1642514404.0,TSE0c6b436187dd4c98a4f7b0b08475668b
2022-01-18 09:00:04.955,osPartiallyFilled,sBuy,1,46.3,2449,otLimit,tifNone,0,ya2Y5,00,京元電子,1642514404.0,TSEce6cf54ba3fe4c7d8bae3e0f41697220
2022-01-18 09:00:04.955,osPartiallyFilled,sBuy,1,46.3,2449,otLimit,tifNone,0,ya2Y5,00,京元電子,1642514404.0,TSE20a6cc9300784081899c08e507751704
2022-01-18 09:00:04.955,osPartiallyFilled,sBuy,1,46.3,2449,otLimit,tifNone,0,ya2Y5,00,京元電子,1642514404.0,TSE985097e59e8b4ad5a407362eb69114a6
2022-01-18 09:00:06.566,osPartiallyFilled,sBuy,1,139.5,6278,otLimit,tifNone,0,ya2Yg,00,台表科,1642514406.0,TSE270e92e7be214fd0b1e98483e49682c7
2022-01-18 09:00:06.566,osPartiallyFilled,sBuy,1,139.5,6278,otLimit,tifNone,0,ya2Yg,00,台表科,1642514406.0,TSE4092a1d40f314fbc8bcd78396020cf54
2022-01-18 09:00:06.566,osPartiallyFilled,sBuy,1,139.5,6278,otLimit,tifNone,0,ya2Yg,00,台表科,1642514406.0,TSEa23ad40ad17e4d63a1ee137bd8cd4522
2022-01-18 09:00:06.566,osPartiallyFilled,sBuy,1,139.5,6278,otLimit,tifNone,0,ya2Yg,00,台表科,1642514406.0,TSE13534f35de914a4091c1ac3b505496a0
2022-01-18 09:00:06.566,osPartiallyFilled,sBuy,1,139.5,6278,otLimit,tifNone,0,ya2Yg,00,台表科,1642514406.0,TSE8727f448e230424090186f3779f120bf
2022-01-18 09:00:06.566,osPartiallyFilled,sBuy,1,139.5,6278,otLimit,tifNone,0,ya2Yg,00,台表科,1642514406.0,TSEe43a4904906d4713acd8809f185c4cf5
2022-01-18 09:00:06.967,osPartiallyFilled,sBuy,1,206.5,3189,otLimit,tifNone,0,ya2X0,00,景碩,1642514406.0,TSE057ec247590a4d7195ece83cef6c8018
2022-01-18 09:00:06.967,osPartiallyFilled,sBuy,1,206.5,3189,otLimit,tifNone,0,ya2X0,00,景碩,1642514406.0,TSEa2b2dd73f8174960b383af01ec4e89ba
2022-01-18 09:00:09.048,osPartiallyFilled,sSell,1,55.3,2393,otLimit,tifNone,4,ya2Xr,00,億光,1642514409.0,TSE9f1ba89b4d8e4a4eabc8ce15b8e0c6c0
2022-01-18 09:00:09.048,osPartiallyFilled,sSell,1,55.3,2393,otLimit,tifNone,4,ya2Xr,00,億光,1642514409.0,TSEbb3c5311f7344fdf8c65cd602b220a67
2022-01-18 09:00:11.059,osPartiallyFilled,sSell,1,505,3034,otLimit,tifNone,4,ya2YS,00,聯詠,1642514411.0,TSE01b59eb850f547669c07860f44fd2ab6
2022-01-18 09:00:11.059,osPartiallyFilled,sSell,1,505,3034,otLimit,tifNone,4,ya2YS,00,聯詠,1642514411.0,TSE360c2d85bd42411c987f63190893f5fa
2022-01-18 09:00:12.266,osPartiallyFilled,sSell,1,503,3406,otLimit,tifNone,4,ya2XC,00,玉晶光,1642514412.0,TSE9be47577f47943249b9b21942ab27b9e
2022-01-18 09:00:12.266,osPartiallyFilled,sSell,1,503,3406,otLimit,tifNone,4,ya2XC,00,玉晶光,1642514412.0,TSE06056d0580024ecdb5886c4970328435
2022-01-18 09:00:17.733,osPartiallyFilled,sBuy,1,70.5,6147,otLimit,tifNone,0,ya2XM,00,頎邦,1642514417.0,TSE41c122012930456b80a5ccfdd16cfcd0
2022-01-18 09:00:17.733,osPartiallyFilled,sBuy,1,70.5,6147,otLimit,tifNone,0,ya2XM,00,頎邦,1642514417.0,TSE9818d780625344cdba3dd7020303fa0e
2022-01-18 09:00:17.733,osPartiallyFilled,sBuy,1,70.5,6147,otLimit,tifNone,0,ya2XM,00,頎邦,1642514417.0,TSE048dbdaf79d242f982b2c5aee59a932a
2022-01-18 09:00:17.733,osPartiallyFilled,sBuy,1,70.5,6147,otLimit,tifNone,0,ya2XM,00,頎邦,1642514417.0,TSE96a8c9e5c2eb431383c616b475fd15a1
2022-01-18 09:00:17.733,osPartiallyFilled,sBuy,1,70.5,6147,otLimit,tifNone,0,ya2XM,00,頎邦,1642514417.0,TSEf8d7b50d9a724e86bac1681d67fb3d3e
2022-01-18 09:00:17.733,osPartiallyFilled,sBuy,1,70.5,6147,otLimit,tifNone,0,ya2XM,00,頎邦,1642514417.0,TSE8bc476b295d640b5bc34ad7a5bcde62d
2022-01-18 09:00:17.733,osPartiallyFilled,sBuy,1,70.5,6147,otLimit,tifNone,0,ya2XM,00,頎邦,1642514417.0,TSEf651d0687ea74df1918a371ac9606454
2022-01-18 09:00:17.733,osPartiallyFilled,sBuy,1,70.5,6147,otLimit,tifNone,0,ya2XM,00,頎邦,1642514417.0,TSE696ef5f5bc134b6d86361a3190e03290
2022-01-18 09:00:18.430,osPartiallyFilled,sSell,1,255,5871,otLimit,tifNone,4,ya2Xd,00,中租-KY,1642514418.0,TSEdc179ae4d1b5441f8a31e95432304e08
2022-01-18 09:00:18.430,osPartiallyFilled,sSell,1,255,5871,otLimit,tifNone,4,ya2Xd,00,中租-KY,1642514418.0,TSEf32a446e07b840ee8880c10bdbf8c2e9
2022-01-18 09:00:42.943,osPartiallyFilled,sBuy,1,55.2,2393,otLimit,tifNone,0,ya3HY,00,億光,1642514442.0,TSE8a997c7b50144c039abc95b2c65f941c
2022-01-18 09:00:42.943,osPartiallyFilled,sBuy,1,55.2,2393,otLimit,tifNone,0,ya3HY,00,億光,1642514442.0,TSE12dbda09d8a04af3b0762beb5a3b5f82
2022-01-18 09:01:14.052,osPartiallyFilled,sBuy,1,228.5,3324,otLimit,tifNone,0,ya3pA,00,雙鴻,1642514474.0,TSE5d50a55969124957801733bb9dc4f791
2022-01-18 09:01:14.052,osPartiallyFilled,sBuy,1,228.5,3324,otLimit,tifNone,0,ya3pA,00,雙鴻,1642514474.0,TSEe6d31820cb24480b9ee2288dc95e618b
2022-01-18 09:01:19.384,osPartiallyFilled,sBuy,1,162,2492,otLimit,tifNone,0,ya3um,00,華新科,1642514479.0,TSE17a337f385614453b12377edd635b4fa
2022-01-18 09:01:19.384,osPartiallyFilled,sBuy,1,162,2492,otLimit,tifNone,0,ya3um,00,華新科,1642514479.0,TSEf26eaa3bb44a4a12b14580d6ecf4fe27
2022-01-18 09:02:04.390,osPartiallyFilled,sSell,1,46.65,2449,otLimit,tifNone,0,ya4dk,00,京元電子,1642514524.0,TSEf4fbddc4787b483cbfb7a3ce4329c160
2022-01-18 09:02:04.390,osPartiallyFilled,sSell,1,46.65,2449,otLimit,tifNone,0,ya4dk,00,京元電子,1642514524.0,TSE15d7fc75fec84f329dbea5997e8ec406
2022-01-18 09:02:05.603,osPartiallyFilled,sSell,1,86.7,3260,otLimit,tifNone,4,ya4fS,00,威剛,1642514525.0,TSE536d29660c464d318b9783991b84d057
2022-01-18 09:02:05.603,osPartiallyFilled,sSell,1,86.7,3260,otLimit,tifNone,4,ya4fS,00,威剛,1642514525.0,TSE0778364c50d44b6eb1265207eba5022c
2022-01-18 09:02:16.663,osPartiallyFilled,sSell,1,46.5,2449,otLimit,tifNone,0,ya4oP,00,京元電子,1642514536.0,TSE8542b24db2734f7bb9b30b09828385cb
2022-01-18 09:02:16.663,osPartiallyFilled,sSell,1,46.5,2449,otLimit,tifNone,0,ya4oP,00,京元電子,1642514536.0,TSE6a462e02ffc4458f81b8d9a7ff25ca05
2022-01-18 09:02:19.718,osPartiallyFilled,sSell,1,140,6278,otLimit,tifNone,0,ya4rT,00,台表科,1642514539.0,TSEd930fb5a47d44c56bbc710e814e44877
2022-01-18 09:02:19.718,osPartiallyFilled,sSell,1,140,6278,otLimit,tifNone,0,ya4rT,00,台表科,1642514539.0,TSE90594baa9ed649a9b39c7ceaeae326ac
2022-01-18 09:02:19.753,osPartiallyFilled,sSell,1,140,6278,otLimit,tifNone,0,ya4rU,00,台表科,1642514539.0,TSE2234761093154ce19b10fc2d95d16cbb
2022-01-18 09:02:19.753,osPartiallyFilled,sSell,1,140,6278,otLimit,tifNone,0,ya4rU,00,台表科,1642514539.0,TSE804fda08e336496e940e35d336d9c0c9
2022-01-18 09:02:19.768,osPartiallyFilled,sSell,1,140,6278,otLimit,tifNone,0,ya4rW,00,台表科,1642514539.0,TSEa6805a5223a04778981ad75e33c58049
2022-01-18 09:02:19.768,osPartiallyFilled,sSell,1,139.5,6278,otLimit,tifNone,0,ya4rW,00,台表科,1642514539.0,TSEc45cc425b958474ba17fd7865594aa0e
2022-01-18 09:02:58.618,osPartiallyFilled,sBuy,1,164,2458,otLimit,tifNone,4,ya5LK,00,義隆,1642514578.0,TSE2a4fd4cea1d04d73be025eda2c39f561
2022-01-18 09:02:58.618,osPartiallyFilled,sBuy,1,164,2458,otLimit,tifNone,4,ya5LK,00,義隆,1642514578.0,TSE82d43c7d796c40b5b3d7f8320c21719f
2022-01-18 09:02:58.618,osPartiallyFilled,sBuy,1,164,2458,otLimit,tifNone,4,ya5LK,00,義隆,1642514578.0,TSEf84313a98b9c42d18394a9694ab570c0
2022-01-18 09:02:58.618,osPartiallyFilled,sBuy,1,164,2458,otLimit,tifNone,4,ya5LK,00,義隆,1642514578.0,TSE409cf7dd44034c11847d164a15ecc6f1
2022-01-18 09:03:18.443,osPartiallyFilled,sBuy,1,152.5,8069,otLimit,tifNone,0,ya5cG,00,元太,1642514598.0,TSE798d7732113a4554b26e9f9ece8db14d
2022-01-18 09:03:18.443,osPartiallyFilled,sBuy,1,152.5,8069,otLimit,tifNone,0,ya5cG,00,元太,1642514598.0,TSEabce7cc4ebe04c198634d7f1cc78ea1e
2022-01-18 09:03:18.461,osPartiallyFilled,sBuy,1,152.5,8069,otLimit,tifNone,0,ya5cI,00,元太,1642514598.0,TSE58f4a8b1756d43b191262e817cb131f6
2022-01-18 09:03:18.461,osPartiallyFilled,sBuy,1,152.5,8069,otLimit,tifNone,0,ya5cI,00,元太,1642514598.0,TSEa537d04d7d554a71a3cfceddffcf3b94
2022-01-18 09:03:41.507,osPartiallyFilled,sSell,1,66.5,2882,otLimit,tifNone,0,ya5qh,00,國泰金,1642514621.0,TSE10dc326d28674587b399fd7af28047d1
2022-01-18 09:03:41.507,osPartiallyFilled,sSell,1,66.5,2882,otLimit,tifNone,0,ya5qh,00,國泰金,1642514621.0,TSEb2cc8245754849b2a610c2f9cc42a5bc
2022-01-18 09:03:57.690,osPartiallyFilled,sSell,1,66.5,2882,otLimit,tifNone,0,ya5ys,00,國泰金,1642514637.0,TSE1ab478b5af924c879c5ef54cf552524b
2022-01-18 09:03:57.690,osPartiallyFilled,sSell,1,66.5,2882,otLimit,tifNone,0,ya5ys,00,國泰金,1642514637.0,TSEb32235696e8241c28f4c79127d71ab2e
2022-01-18 09:03:57.690,osPartiallyFilled,sSell,1,66.5,2882,otLimit,tifNone,0,ya5ys,00,國泰金,1642514637.0,TSEfdd23b0664dc416099199b6e1d8f2ec5
2022-01-18 09:03:57.690,osPartiallyFilled,sSell,1,66.5,2882,otLimit,tifNone,0,ya5ys,00,國泰金,1642514637.0,TSE4e0f4d58a7674e1abf02a26f84bc58cb
2022-01-18 09:03:57.690,osPartiallyFilled,sSell,1,66.5,2882,otLimit,tifNone,0,ya5ys,00,國泰金,1642514637.0,TSE5bc35a6d46fd49dda7b2e17c25fbe022
2022-01-18 09:03:57.690,osPartiallyFilled,sSell,1,66.4,2882,otLimit,tifNone,0,ya5ys,00,國泰金,1642514637.0,TSE535d27dbf45144c6856f97db02c2efbc
2022-01-18 09:04:00.363,osPartiallyFilled,sSell,1,56.5,2393,otLimit,tifNone,0,ya606,00,億光,1642514640.0,TSE4bf2c961e18b4530ac169ffdd4b06ebd
2022-01-18 09:04:00.363,osPartiallyFilled,sSell,1,56.5,2393,otLimit,tifNone,0,ya606,00,億光,1642514640.0,TSEd30e93526abf41e6a9a15af5fa5d6745
2022-01-18 09:06:44.118,osPartiallyFilled,sSell,1,63,2340,otLimit,tifNone,0,ya6x6,00,台亞,1642514804.0,TSE53e10da0dcb948bd9cddd89a9499e21a
2022-01-18 09:06:44.118,osPartiallyFilled,sSell,1,63,2340,otLimit,tifNone,0,ya6x6,00,台亞,1642514804.0,TSE38705a001c26467e97189e522ceb1a01
2022-01-18 09:06:44.118,osPartiallyFilled,sSell,1,63,2340,otLimit,tifNone,0,ya6x6,00,台亞,1642514804.0,TSEd3a6c1b10a2c483cb1f4f64a6a4113ff
2022-01-18 09:06:44.118,osPartiallyFilled,sSell,1,63,2340,otLimit,tifNone,0,ya6x6,00,台亞,1642514804.0,TSE65fcd848f9154f6aa953df84da93c5d7
2022-01-18 09:07:22.160,osPartiallyFilled,sBuy,1,38.1,2355,otLimit,tifNone,0,ya711,00,敬鵬,1642514842.0,TSE636d4329c7cb40309a1f56d1f401bda3
2022-01-18 09:07:22.160,osPartiallyFilled,sBuy,1,38.1,2355,otLimit,tifNone,0,ya711,00,敬鵬,1642514842.0,TSE2ddf0204c44c4f65bb545c789ada25a9
2022-01-18 09:08:00.702,osPartiallyFilled,sSell,1,218.5,5483,otLimit,tifNone,0,ya75b,00,中美晶,1642514880.0,TSEaae87cd105244fe2a6723d80b5bb549c
2022-01-18 09:08:00.702,osPartiallyFilled,sSell,1,218.5,5483,otLimit,tifNone,0,ya75b,00,中美晶,1642514880.0,TSE0caf634f4ce942e0a20900243b837cf5
2022-01-18 09:08:22.126,osPartiallyFilled,sBuy,1,499,3406,otLimit,tifNone,0,ya77I,00,玉晶光,1642514902.0,TSE43020c06ebe847bf993281cef36f1b96
2022-01-18 09:08:22.126,osPartiallyFilled,sBuy,1,499,3406,otLimit,tifNone,0,ya77I,00,玉晶光,1642514902.0,TSE0903fe45dc6546b285892363b02fe562
2022-01-18 09:08:34.050,osPartiallyFilled,sSell,1,125.5,8086,otLimit,tifNone,4,ya78Q,00,宏捷科,1642514914.0,TSEd8b97c830cda4c70abc7b6390f4446da
2022-01-18 09:08:34.050,osPartiallyFilled,sSell,1,125.5,8086,otLimit,tifNone,4,ya78Q,00,宏捷科,1642514914.0,TSE97033dfb7fa94d9192c48a2ce5653f75
2022-01-18 09:08:34.050,osPartiallyFilled,sSell,1,125.5,8086,otLimit,tifNone,4,ya78Q,00,宏捷科,1642514914.0,TSE601a5e60ab984e47a787a7939a77ee09
2022-01-18 09:08:34.050,osPartiallyFilled,sSell,1,125.5,8086,otLimit,tifNone,4,ya78Q,00,宏捷科,1642514914.0,TSEcbe97c641ce34125a7467875ffef2dc5
2022-01-18 09:12:03.942,osPartiallyFilled,sSell,1,210,3189,otLimit,tifNone,0,ya7HT,00,景碩,1642515123.0,TSEccb785f8813a469fb5da6677b71b3c39
2022-01-18 09:12:03.942,osPartiallyFilled,sSell,1,210,3189,otLimit,tifNone,0,ya7HT,00,景碩,1642515123.0,TSEc6e4e582f95f4350b22fd48e0aa68f6c
2022-01-18 09:20:00.296,osPartiallyFilled,sSell,1,95.2,3714,otLimit,tifNone,0,ya7Q0,00,富采,1642515600.0,TSE36701d598b934aff848331cf153133c4
2022-01-18 09:20:00.296,osPartiallyFilled,sSell,1,95.2,3714,otLimit,tifNone,0,ya7Q0,00,富采,1642515600.0,TSEe77476ece1d5400caabc0aacd00b47a4
2022-01-18 09:20:00.299,osPartiallyFilled,sSell,1,95.2,3714,otLimit,tifNone,0,ya7Q1,00,富采,1642515600.0,TSE47976c41a11348b1a918ebbf556a8e9a
2022-01-18 09:20:00.299,osPartiallyFilled,sSell,1,95.2,3714,otLimit,tifNone,0,ya7Q1,00,富采,1642515600.0,TSE73aa25095be14b98801d326cef9c2fcc
2022-01-18 09:20:00.299,osPartiallyFilled,sSell,1,95.2,3714,otLimit,tifNone,0,ya7Q1,00,富采,1642515600.0,TSE615a109a61444618a6a2072c96e48987
2022-01-18 09:20:00.299,osPartiallyFilled,sSell,1,95.2,3714,otLimit,tifNone,0,ya7Q1,00,富采,1642515600.0,TSE703767d2c87c425b915ae64ec112f407
2022-01-18 09:30:27.265,osPartiallyFilled,sSell,1,124.5,8086,otLimit,tifNone,4,ya7Vl,00,宏捷科,1642516227.0,TSE8342f129885541f4b8a89a2b59adb2e0
2022-01-18 09:30:27.265,osPartiallyFilled,sSell,1,124.5,8086,otLimit,tifNone,4,ya7Vl,00,宏捷科,1642516227.0,TSEc4e13d4b7db44735902aa54df0f07f0a
2022-01-18 09:30:43.002,osPartiallyFilled,sSell,1,124.5,8086,otLimit,tifNone,4,ya7W3,00,宏捷科,1642516243.0,TSEd448c3222ad7422da728b877417b9d7a
2022-01-18 09:30:43.002,osPartiallyFilled,sSell,1,124.5,8086,otLimit,tifNone,4,ya7W3,00,宏捷科,1642516243.0,TSEf463f4eb0d994e42b64d72ef3861fc3c
2022-01-18 09:30:57.552,osPartiallyFilled,sSell,1,825,6488,otLimit,tifNone,0,ya7WL,00,環球晶,1642516257.0,TSE5721bae654d44d748b47331b6ca9839a
2022-01-18 09:30:57.552,osPartiallyFilled,sSell,1,825,6488,otLimit,tifNone,0,ya7WL,00,環球晶,1642516257.0,TSEcce4271cdc8549e6bba997a2dc98d3c8
2022-01-18 09:31:13.409,osPartiallyFilled,sSell,1,824,6488,otLimit,tifNone,0,ya7Wd,00,環球晶,1642516273.0,TSEffb54f0308ad4abba1f4db285db9ba9a
2022-01-18 09:31:13.409,osPartiallyFilled,sSell,1,824,6488,otLimit,tifNone,0,ya7Wd,00,環球晶,1642516273.0,TSE23f3c21033d046beb90f05d54a016f3c
2022-01-18 09:32:42.883,osPartiallyFilled,sSell,1,824,6488,otLimit,tifNone,0,ya7XE,00,環球晶,1642516362.0,TSE0cb41f4d68e04d09a0a1e1c41256e31e
2022-01-18 09:32:42.883,osPartiallyFilled,sSell,1,824,6488,otLimit,tifNone,0,ya7XE,00,環球晶,1642516362.0,TSE8b0a966862a64877a0e73a988c94c509
2022-01-18 09:36:13.082,osPartiallyFilled,sSell,1,123.5,8086,otLimit,tifNone,4,ya7Z9,00,宏捷科,1642516573.0,TSEbb7122841a284741b4df856b54e7f8dd
2022-01-18 09:36:13.082,osPartiallyFilled,sSell,1,123.5,8086,otLimit,tifNone,4,ya7Z9,00,宏捷科,1642516573.0,TSEa994f68d6565423098e9556d37c79e35
2022-01-18 09:38:26.980,osPartiallyFilled,sSell,1,535,3443,otLimit,tifNone,0,ya7Zx,00,創意,1642516706.0,TSEb4cbe78f926e49e0a3d93f75cdc6c0b8
2022-01-18 09:38:26.980,osPartiallyFilled,sSell,1,535,3443,otLimit,tifNone,0,ya7Zx,00,創意,1642516706.0,TSEb26b84d893fa4de3a5ae0b0088fc9152
2022-01-18 09:38:44.143,osPartiallyFilled,sSell,1,59.8,6257,otLimit,tifNone,0,ya7a1,00,矽格,1642516724.0,TSE805cb7166ac34c07a7e675c627c4eb88
2022-01-18 09:38:44.143,osPartiallyFilled,sSell,1,59.8,6257,otLimit,tifNone,0,ya7a1,00,矽格,1642516724.0,TSEace70ec83c5a45a2b75aaf4e1257debd
2022-01-18 09:38:44.143,osPartiallyFilled,sSell,1,59.8,6257,otLimit,tifNone,0,ya7a1,00,矽格,1642516724.0,TSE0502a79fb8a740e4b0e2b338b7bfd4ed
2022-01-18 09:38:44.143,osPartiallyFilled,sSell,1,59.8,6257,otLimit,tifNone,0,ya7a1,00,矽格,1642516724.0,TSEa282705782a2440ea0b3c3ac1c5cddfb
2022-01-18 09:38:44.143,osPartiallyFilled,sSell,1,59.9,6257,otLimit,tifNone,0,ya7a1,00,矽格,1642516724.0,TSE8f72ab30b59c4014acc8872174fffe6f
2022-01-18 09:38:44.143,osPartiallyFilled,sSell,1,59.9,6257,otLimit,tifNone,0,ya7a1,00,矽格,1642516724.0,TSE9dbac40983e342ff8bb4b744fd91a6a3
2022-01-18 09:38:44.143,osPartiallyFilled,sSell,1,59.8,6257,otLimit,tifNone,0,ya7a1,00,矽格,1642516724.0,TSEbfddacc364ca4eff99af5a28ec4d1d36
2022-01-18 09:38:44.143,osPartiallyFilled,sSell,1,59.9,6257,otLimit,tifNone,0,ya7a1,00,矽格,1642516724.0,TSEd63050f07ec848bc83d6f94a28a77049
2022-01-18 09:38:44.143,osPartiallyFilled,sSell,1,59.9,6257,otLimit,tifNone,0,ya7a1,00,矽格,1642516724.0,TSE75d73a71fe7e401ea84077aaf292bfda
2022-01-18 09:38:44.143,osPartiallyFilled,sSell,1,59.9,6257,otLimit,tifNone,0,ya7a1,00,矽格,1642516724.0,TSEb8e7639e0c0d4671b7721abdee342f4f
2022-01-18 09:38:44.143,osPartiallyFilled,sSell,1,59.9,6257,otLimit,tifNone,0,ya7a1,00,矽格,1642516724.0,TSEe025c24539384cd4ba84d367ea1cacb4
2022-01-18 09:38:44.143,osPartiallyFilled,sSell,1,59.9,6257,otLimit,tifNone,0,ya7a1,00,矽格,1642516724.0,TSE84b215d7f65a4e94b70656ea6f2380ed
2022-01-18 09:38:44.143,osPartiallyFilled,sSell,1,59.9,6257,otLimit,tifNone,0,ya7a1,00,矽格,1642516724.0,TSE0d85bc19235045c8b05f9448f7369c69
2022-01-18 09:38:44.143,osPartiallyFilled,sSell,1,59.9,6257,otLimit,tifNone,0,ya7a1,00,矽格,1642516724.0,TSEd1aea0ef56ae44759bea776e9dcd63db
2022-01-18 09:38:44.170,osPartiallyFilled,sSell,1,59.8,6257,otLimit,tifNone,0,ya7a2,00,矽格,1642516724.0,TSE78ff0d67fa294883974b74f806cb53f5
2022-01-18 09:38:44.170,osPartiallyFilled,sSell,1,59.8,6257,otLimit,tifNone,0,ya7a2,00,矽格,1642516724.0,TSE242dc4f253a24e4eb6137927b5a58c10
2022-01-18 09:38:44.170,osPartiallyFilled,sSell,1,59.8,6257,otLimit,tifNone,0,ya7a2,00,矽格,1642516724.0,TSE6fc8033514a849a5b8e5034ed87a72d3
2022-01-18 09:38:44.170,osPartiallyFilled,sSell,1,59.8,6257,otLimit,tifNone,0,ya7a2,00,矽格,1642516724.0,TSE00eb82ba2efd4902b0736b78ac158aa1
2022-01-18 09:38:44.170,osPartiallyFilled,sSell,1,59.8,6257,otLimit,tifNone,0,ya7a2,00,矽格,1642516724.0,TSEb9967825b4db437d9dd1d523957431d5
2022-01-18 09:38:44.170,osPartiallyFilled,sSell,1,59.8,6257,otLimit,tifNone,0,ya7a2,00,矽格,1642516724.0,TSE590e7aa6eaee4f1db5d06f1c497a8941
2022-01-18 09:39:43.451,osPartiallyFilled,sSell,1,123.5,8086,otLimit,tifNone,4,ya7aE,00,宏捷科,1642516783.0,TSEbaa997b908e54e0783ccf0e17c5d346a
2022-01-18 09:39:43.451,osPartiallyFilled,sSell,1,123.5,8086,otLimit,tifNone,4,ya7aE,00,宏捷科,1642516783.0,TSE2bee1ea31c134c519e05b136c04746e4
2022-01-18 09:39:43.451,osPartiallyFilled,sSell,1,123.5,8086,otLimit,tifNone,4,ya7aE,00,宏捷科,1642516783.0,TSEb9925c0dfba04734a4665133ded65305
2022-01-18 09:39:43.451,osPartiallyFilled,sSell,1,123.5,8086,otLimit,tifNone,4,ya7aE,00,宏捷科,1642516783.0,TSE531290b4861643688659db0f79e986c6
2022-01-18 09:39:43.451,osPartiallyFilled,sSell,1,123.5,8086,otLimit,tifNone,4,ya7aE,00,宏捷科,1642516783.0,TSE2ca4454009f94e14a2ad912fd2f0f454
2022-01-18 09:39:43.451,osPartiallyFilled,sSell,1,123.5,8086,otLimit,tifNone,4,ya7aE,00,宏捷科,1642516783.0,TSEf9b0ae957878487fbd73e9489759db5a
2022-01-18 09:39:43.451,osPartiallyFilled,sSell,1,123.5,8086,otLimit,tifNone,4,ya7aE,00,宏捷科,1642516783.0,TSEb09bc61af91c4c749e72927b3122062c
2022-01-18 09:39:43.451,osPartiallyFilled,sSell,1,123.5,8086,otLimit,tifNone,4,ya7aE,00,宏捷科,1642516783.0,TSE1e0603002ca9454ab13fb209d14e3280
2022-01-18 09:39:43.454,osPartiallyFilled,sSell,1,123,8086,otLimit,tifNone,4,ya7aF,00,宏捷科,1642516783.0,TSEcc5417dc3e82451ab540f676aeb424f2
2022-01-18 09:39:43.454,osPartiallyFilled,sSell,1,123,8086,otLimit,tifNone,4,ya7aF,00,宏捷科,1642516783.0,TSE61b8ce87711b4001bf4b7b78e1238dde
2022-01-18 09:45:41.503,osPartiallyFilled,sSell,1,86.8,3260,otLimit,tifNone,4,ya7dT,00,威剛,1642517141.0,TSE508ebba7a5814d209baebc3763df8075
2022-01-18 09:45:41.503,osPartiallyFilled,sSell,1,86.8,3260,otLimit,tifNone,4,ya7dT,00,威剛,1642517141.0,TSEfe59737e68d24fe3b2eb6daceb9d76e0
2022-01-18 09:50:22.008,osPartiallyFilled,sSell,1,16.7,6116,otLimit,tifNone,4,ya7f2,00,彩晶,1642517422.0,TSEe94e17be3cb94a80bb74011fa5d2108f
2022-01-18 09:50:22.008,osPartiallyFilled,sSell,1,16.7,6116,otLimit,tifNone,4,ya7f2,00,彩晶,1642517422.0,TSE37e98773776541088285ddb481695631
2022-01-18 09:50:22.008,osPartiallyFilled,sSell,1,16.7,6116,otLimit,tifNone,4,ya7f2,00,彩晶,1642517422.0,TSE55aab4dc57404b4f9c1cff69405b388b
2022-01-18 09:50:22.008,osPartiallyFilled,sSell,1,16.7,6116,otLimit,tifNone,4,ya7f2,00,彩晶,1642517422.0,TSE36bfc96b195a4821a07649aae674eb2d
2022-01-18 09:50:22.008,osPartiallyFilled,sSell,1,16.7,6116,otLimit,tifNone,4,ya7f2,00,彩晶,1642517422.0,TSE482606f50a4f491383f19fd7b5b84cde
2022-01-18 09:50:22.008,osPartiallyFilled,sSell,1,16.7,6116,otLimit,tifNone,4,ya7f2,00,彩晶,1642517422.0,TSEf8d540fd6d6d4640b80c7f1ce67863e0
2022-01-18 09:50:22.008,osPartiallyFilled,sSell,1,16.7,6116,otLimit,tifNone,4,ya7f2,00,彩晶,1642517422.0,TSE56d5aedef7ec4021b559a58cd74b9bd9
2022-01-18 09:50:22.008,osPartiallyFilled,sSell,1,16.7,6116,otLimit,tifNone,4,ya7f2,00,彩晶,1642517422.0,TSE29188c66c3504dcd87c47c38b0ea83f8
2022-01-18 09:50:22.008,osPartiallyFilled,sSell,1,16.7,6116,otLimit,tifNone,4,ya7f2,00,彩晶,1642517422.0,TSE9fae1ebaa67a42fcb95c38934e2401db
2022-01-18 09:50:22.008,osPartiallyFilled,sSell,1,16.7,6116,otLimit,tifNone,4,ya7f2,00,彩晶,1642517422.0,TSEfa97d90deb7c4c52a8dc1cf61a886387
2022-01-18 09:50:22.008,osPartiallyFilled,sSell,1,16.7,6116,otLimit,tifNone,4,ya7f2,00,彩晶,1642517422.0,TSEf416037e4e41496a8196894728c546a9
2022-01-18 09:50:22.008,osPartiallyFilled,sSell,1,16.7,6116,otLimit,tifNone,4,ya7f2,00,彩晶,1642517422.0,TSEc02894449b2d4d70b40100b3c02c7801
2022-01-18 09:50:22.008,osPartiallyFilled,sSell,1,16.7,6116,otLimit,tifNone,4,ya7f2,00,彩晶,1642517422.0,TSE4094caedebbe4a609f6052286d321b7a
2022-01-18 09:50:22.008,osPartiallyFilled,sSell,1,16.7,6116,otLimit,tifNone,4,ya7f2,00,彩晶,1642517422.0,TSE349e022785764e04a4273e66cef4915f
2022-01-18 09:50:22.008,osPartiallyFilled,sSell,1,16.7,6116,otLimit,tifNone,4,ya7f2,00,彩晶,1642517422.0,TSEbeb093835f8347ac9ee6579418184815
2022-01-18 09:50:22.008,osPartiallyFilled,sSell,1,16.7,6116,otLimit,tifNone,4,ya7f2,00,彩晶,1642517422.0,TSE2244905e59604f9c92d1cfc1bc990c8d
2022-01-18 09:50:22.008,osPartiallyFilled,sSell,1,16.7,6116,otLimit,tifNone,4,ya7f2,00,彩晶,1642517422.0,TSE051722ba2e614b00934052746ec670bd
2022-01-18 09:50:22.008,osPartiallyFilled,sSell,1,16.7,6116,otLimit,tifNone,4,ya7f2,00,彩晶,1642517422.0,TSEe704b79c67474de4b2c73ce447081929
2022-01-18 09:50:22.324,osPartiallyFilled,sSell,1,16.7,6116,otLimit,tifNone,4,ya7f3,00,彩晶,1642517422.0,TSE0abba57aefef4f83948f75bd8dd8e9bc
2022-01-18 09:50:22.324,osPartiallyFilled,sSell,1,16.7,6116,otLimit,tifNone,4,ya7f3,00,彩晶,1642517422.0,TSE60db2f38efed43178896a778b6d3b4af
2022-01-18 09:50:22.324,osPartiallyFilled,sSell,1,16.7,6116,otLimit,tifNone,4,ya7f3,00,彩晶,1642517422.0,TSE1b40039b39b443e1a72a5bc923ed6b1a
2022-01-18 09:50:22.324,osPartiallyFilled,sSell,1,16.7,6116,otLimit,tifNone,4,ya7f3,00,彩晶,1642517422.0,TSE84f2fbee6cfa4d268058b0cc131540ba
2022-01-18 09:50:22.324,osPartiallyFilled,sSell,1,16.7,6116,otLimit,tifNone,4,ya7f3,00,彩晶,1642517422.0,TSE0a84604fbb1a46b093a041d6013bac9b
2022-01-18 09:50:22.324,osPartiallyFilled,sSell,1,16.7,6116,otLimit,tifNone,4,ya7f3,00,彩晶,1642517422.0,TSEd6b61a264f7145d287bd2ca35238bd98
2022-01-18 09:50:22.324,osPartiallyFilled,sSell,1,16.7,6116,otLimit,tifNone,4,ya7f3,00,彩晶,1642517422.0,TSEf5c64e49ff334ee9a755780ecec270b1
2022-01-18 09:50:22.324,osPartiallyFilled,sSell,1,16.7,6116,otLimit,tifNone,4,ya7f3,00,彩晶,1642517422.0,TSE9b36bc0392874f3c90022c64d95f5bf5
2022-01-18 09:50:22.324,osPartiallyFilled,sSell,1,16.7,6116,otLimit,tifNone,4,ya7f3,00,彩晶,1642517422.0,TSEd7e26825ea8c40ca809a640dfc40bc9b
2022-01-18 09:50:22.324,osPartiallyFilled,sSell,1,16.7,6116,otLimit,tifNone,4,ya7f3,00,彩晶,1642517422.0,TSE4f5dced13c7a4c11b9ee004652540f3b
2022-01-18 09:50:22.324,osPartiallyFilled,sSell,1,16.7,6116,otLimit,tifNone,4,ya7f3,00,彩晶,1642517422.0,TSEe6bf6894ef8f41e390b9158e7cb769f8
2022-01-18 09:50:22.324,osPartiallyFilled,sSell,1,16.7,6116,otLimit,tifNone,4,ya7f3,00,彩晶,1642517422.0,TSE33782d383af1473494bb6dc6f0677b21
2022-01-18 09:50:27.783,osPartiallyFilled,sSell,1,516,3034,otLimit,tifNone,4,ya7fB,00,聯詠,1642517427.0,TSE9e1a1d3dc7bb48ceb038e617724b1347
2022-01-18 09:50:27.783,osPartiallyFilled,sSell,1,516,3034,otLimit,tifNone,4,ya7fB,00,聯詠,1642517427.0,TSE44f0fe4f1c684a248b91b6844790531b
2022-01-18 09:50:33.668,osPartiallyFilled,sSell,1,517,3034,otLimit,tifNone,4,ya7fP,00,聯詠,1642517433.0,TSE771e299ea7f84c6f8b93f5bc4978de2a
2022-01-18 09:50:33.668,osPartiallyFilled,sSell,1,517,3034,otLimit,tifNone,4,ya7fP,00,聯詠,1642517433.0,TSEd90e9ffbcab2479797b942f621b7ac0a
2022-01-18 09:50:33.668,osPartiallyFilled,sSell,1,517,3034,otLimit,tifNone,4,ya7fP,00,聯詠,1642517433.0,TSE1c52e85faae54c24af460487c2edccc3
2022-01-18 09:50:33.668,osPartiallyFilled,sSell,1,517,3034,otLimit,tifNone,4,ya7fP,00,聯詠,1642517433.0,TSE8234f77230354355ac0ab84d930ec6fa
2022-01-18 09:50:33.697,osPartiallyFilled,sSell,1,517,3034,otLimit,tifNone,4,ya7fQ,00,聯詠,1642517433.0,TSE3393d35cd9f94e0483674b8cffef2ac4
2022-01-18 09:50:33.697,osPartiallyFilled,sSell,1,517,3034,otLimit,tifNone,4,ya7fQ,00,聯詠,1642517433.0,TSEa75b3e672b21469b8814d42e900dc354
2022-01-18 09:50:33.697,osPartiallyFilled,sSell,1,517,3034,otLimit,tifNone,4,ya7fQ,00,聯詠,1642517433.0,TSEfcb4221eb2ca42e6a9364f4b35324727
2022-01-18 09:50:33.697,osPartiallyFilled,sSell,1,517,3034,otLimit,tifNone,4,ya7fQ,00,聯詠,1642517433.0,TSEf3efeb4232a149039733a2bf68582704
2022-01-18 09:50:33.730,osPartiallyFilled,sSell,1,516,3034,otLimit,tifNone,4,ya7fR,00,聯詠,1642517433.0,TSEbb0db6354faa4f088f0af5b24fd9da23
2022-01-18 09:50:33.730,osPartiallyFilled,sSell,1,516,3034,otLimit,tifNone,4,ya7fR,00,聯詠,1642517433.0,TSEa36c0263574f47ad97a90c7924fcaf37
2022-01-18 09:50:50.659,osPartiallyFilled,sSell,1,516,3034,otLimit,tifNone,4,ya7fY,00,聯詠,1642517450.0,TSEbd83653f7880422794fff5d05433e898
2022-01-18 09:50:50.659,osPartiallyFilled,sSell,1,516,3034,otLimit,tifNone,4,ya7fY,00,聯詠,1642517450.0,TSEebd735997ea8459aa71d48af6931c3e6
2022-01-18 09:50:50.861,osPartiallyFilled,sSell,1,516,3034,otLimit,tifNone,4,ya7fZ,00,聯詠,1642517450.0,TSE336a68e2079e4566ad24d689dd46f1f5
2022-01-18 09:50:50.861,osPartiallyFilled,sSell,1,516,3034,otLimit,tifNone,4,ya7fZ,00,聯詠,1642517450.0,TSE9a804007db7f424ca44f64068a8df051
2022-01-18 09:50:52.527,osPartiallyFilled,sSell,1,516,3034,otLimit,tifNone,4,ya7fb,00,聯詠,1642517452.0,TSE6f019f9910674fc5aad48ffd583eeb75
2022-01-18 09:50:52.527,osPartiallyFilled,sSell,1,516,3034,otLimit,tifNone,4,ya7fb,00,聯詠,1642517452.0,TSE3e57289e0be9444bb7f60a9bccf37ad6
2022-01-18 09:53:12.475,osPartiallyFilled,sSell,1,515,3034,otLimit,tifNone,4,ya7gU,00,聯詠,1642517592.0,TSEec24a03f0f7d418ba0e8cd8c286c8ddf
2022-01-18 09:53:12.475,osPartiallyFilled,sSell,1,515,3034,otLimit,tifNone,4,ya7gU,00,聯詠,1642517592.0,TSEfff57f62e83b44c6a1447c0fe130f957
2022-01-18 09:53:23.605,osPartiallyFilled,sSell,1,160.5,2492,otLimit,tifNone,0,ya7gV,00,華新科,1642517603.0,TSE7057d715c212464dad2f3c1b5ccb51a1
2022-01-18 09:53:23.605,osPartiallyFilled,sSell,1,160.5,2492,otLimit,tifNone,0,ya7gV,00,華新科,1642517603.0,TSEbe632fdd136f4440907a44e15eaaae64
2022-01-18 10:02:24.357,osPartiallyFilled,sBuy,1,220,3035,otLimit,tifNone,0,ya7l2,00,智原,1642518144.0,TSE950fd3ec50ae4ce4bd2021d114584e17
2022-01-18 10:02:24.357,osPartiallyFilled,sBuy,1,220,3035,otLimit,tifNone,0,ya7l2,00,智原,1642518144.0,TSEd3676e98fcdd42cca12f12d8862b17a3
2022-01-18 10:02:36.793,osPartiallyFilled,sBuy,1,71.1,2498,otLimit,tifNone,0,ya7l4,00,宏達電,1642518156.0,TSEd092809fe798469d879f14a707b2d458
2022-01-18 10:02:36.793,osPartiallyFilled,sBuy,1,71.1,2498,otLimit,tifNone,0,ya7l4,00,宏達電,1642518156.0,TSE8c341fb232994cf1b21ea55343c1f74d
2022-01-18 10:02:52.292,osPartiallyFilled,sSell,1,37.95,2355,otLimit,tifNone,0,ya7l9,00,敬鵬,1642518172.0,TSE4a13853de4274cdb857d3733f21bf3ae
2022-01-18 10:02:52.292,osPartiallyFilled,sSell,1,37.95,2355,otLimit,tifNone,0,ya7l9,00,敬鵬,1642518172.0,TSE5143c2aa2b7b4885aa95b1f3c00937f5
2022-01-18 10:04:43.235,osPartiallyFilled,sSell,1,514,3034,otLimit,tifNone,4,ya7lQ,00,聯詠,1642518283.0,TSEfaf6ed4d25c44b98938ebba01d382025
2022-01-18 10:04:43.235,osPartiallyFilled,sSell,1,514,3034,otLimit,tifNone,4,ya7lQ,00,聯詠,1642518283.0,TSE6869b9b9581b442cacb84f71b841d0d6
2022-01-18 10:22:07.501,osPartiallyFilled,sSell,1,217,3189,otLimit,tifNone,0,ya7rl,00,景碩,1642519327.0,TSE22c7fbdf11d54866852d169a076c6cd0
2022-01-18 10:22:07.501,osPartiallyFilled,sSell,1,217,3189,otLimit,tifNone,0,ya7rl,00,景碩,1642519327.0,TSEc6068d2528944bff984d81e852e8e4eb
2022-01-18 10:22:07.501,osPartiallyFilled,sSell,1,217,3189,otLimit,tifNone,0,ya7rl,00,景碩,1642519327.0,TSE476c1d194b7f4dca8a65416d4371bbbb
2022-01-18 10:22:07.501,osPartiallyFilled,sSell,1,217,3189,otLimit,tifNone,0,ya7rl,00,景碩,1642519327.0,TSEfdd71f71e65c42d389e5523a86a0f7e9
2022-01-18 10:22:07.505,osPartiallyFilled,sSell,1,217,3189,otLimit,tifNone,0,ya7rm,00,景碩,1642519327.0,TSEe168aacd37d34ba2a1cef47972564975
2022-01-18 10:22:07.505,osPartiallyFilled,sSell,1,217,3189,otLimit,tifNone,0,ya7rm,00,景碩,1642519327.0,TSE15417fdbfc2942948536701539c605f9
2022-01-18 10:22:07.505,osPartiallyFilled,sSell,1,217,3189,otLimit,tifNone,0,ya7rm,00,景碩,1642519327.0,TSEec8d9015976945c69af0bf07c3440909
2022-01-18 10:22:07.505,osPartiallyFilled,sSell,1,217,3189,otLimit,tifNone,0,ya7rm,00,景碩,1642519327.0,TSEbee3dee23a3347d8b129ee09face2cba
2022-01-18 10:22:07.506,osPartiallyFilled,sSell,1,217,3189,otLimit,tifNone,0,ya7rn,00,景碩,1642519327.0,TSEd34d3c6623a44c8babc946f91a58e025
2022-01-18 10:22:07.506,osPartiallyFilled,sSell,1,217,3189,otLimit,tifNone,0,ya7rn,00,景碩,1642519327.0,TSE8794d9810f9d48599f86ad48f0146739
2022-01-18 10:23:03.257,osPartiallyFilled,sSell,1,69.9,6147,otLimit,tifNone,0,ya7s1,00,頎邦,1642519383.0,TSE45b7391b707149d88297595903b53f26
2022-01-18 10:23:03.257,osPartiallyFilled,sSell,1,69.9,6147,otLimit,tifNone,0,ya7s1,00,頎邦,1642519383.0,TSE30ea35a86c27441eb5997e68bec7738b
2022-01-18 10:23:03.257,osPartiallyFilled,sSell,1,69.9,6147,otLimit,tifNone,0,ya7s1,00,頎邦,1642519383.0,TSE3dfd75e7d29f49758259f40ca0687cde
2022-01-18 10:23:03.257,osPartiallyFilled,sSell,1,69.9,6147,otLimit,tifNone,0,ya7s1,00,頎邦,1642519383.0,TSEa14e49c78d494258b41c559bc12be45f
2022-01-18 10:23:03.257,osPartiallyFilled,sSell,1,69.9,6147,otLimit,tifNone,0,ya7s1,00,頎邦,1642519383.0,TSE3f85f8799d334c23a64976e712d8fd45
2022-01-18 10:23:03.257,osPartiallyFilled,sSell,1,69.9,6147,otLimit,tifNone,0,ya7s1,00,頎邦,1642519383.0,TSEef18f05e8bd540aa9b5131b56af67385
2022-01-18 10:24:10.586,osPartiallyFilled,sSell,1,281,2383,otLimit,tifNone,4,ya7s8,00,台光電,1642519450.0,TSE251e09fceb0e435f97f7d0b2664dc852
2022-01-18 10:24:10.586,osPartiallyFilled,sSell,1,281,2383,otLimit,tifNone,4,ya7s8,00,台光電,1642519450.0,TSE4b184a52228042f38bd5dfb37994b809
2022-01-18 10:24:49.150,osPartiallyFilled,sSell,1,537,3443,otLimit,tifNone,0,ya7sH,00,創意,1642519489.0,TSE987fd7ade5704a7aafb36bc077b5f77b
2022-01-18 10:24:49.150,osPartiallyFilled,sSell,1,537,3443,otLimit,tifNone,0,ya7sH,00,創意,1642519489.0,TSE75bc9ee9683f407eaa3a284b5373bfa8
2022-01-18 10:32:42.911,osPartiallyFilled,sSell,1,537,3443,otLimit,tifNone,0,ya7vW,00,創意,1642519962.0,TSE46bf9ff8ad9b4affaa8252b6256d8900
2022-01-18 10:32:42.911,osPartiallyFilled,sSell,1,537,3443,otLimit,tifNone,0,ya7vW,00,創意,1642519962.0,TSE90fb5b97cfd249dfa94c5d96d0ca29b9
2022-01-18 10:42:06.377,osPartiallyFilled,sBuy,1,47.55,2449,otLimit,tifNone,0,ya7zG,00,京元電子,1642520526.0,TSE1a85f2ea641b49dbaeec62be75d2a455
2022-01-18 10:42:06.377,osPartiallyFilled,sBuy,1,47.55,2449,otLimit,tifNone,0,ya7zG,00,京元電子,1642520526.0,TSE61a8064830b0460bb44825bb252654bb
2022-01-18 10:42:06.398,osPartiallyFilled,sBuy,1,47.55,2449,otLimit,tifNone,0,ya7zH,00,京元電子,1642520526.0,TSE467d71121bfb4cb683cd71ce45d7c653
2022-01-18 10:42:06.398,osPartiallyFilled,sBuy,1,47.55,2449,otLimit,tifNone,0,ya7zH,00,京元電子,1642520526.0,TSE53d97dfcc11a4dd5828d2dd0e0f03101
2022-01-18 10:42:06.410,osPartiallyFilled,sBuy,1,47.55,2449,otLimit,tifNone,0,ya7zI,00,京元電子,1642520526.0,TSEdfae4b98245d4e1984bb067867853825
2022-01-18 10:42:06.410,osPartiallyFilled,sBuy,1,47.55,2449,otLimit,tifNone,0,ya7zI,00,京元電子,1642520526.0,TSEfb9bab5cc4b042d18badda2158a9e941
2022-01-18 10:42:15.011,osPartiallyFilled,sSell,1,70.1,6147,otLimit,tifNone,0,ya7zO,00,頎邦,1642520535.0,TSEa1a8ec5117e04ff59ee156688266802d
2022-01-18 10:42:15.011,osPartiallyFilled,sSell,1,70.1,6147,otLimit,tifNone,0,ya7zO,00,頎邦,1642520535.0,TSE4b74e2a5929f4c62803c560fe23228e9
2022-01-18 10:46:03.689,osPartiallyFilled,sBuy,1,157,8069,otLimit,tifNone,0,ya80W,00,元太,1642520763.0,TSE1ac75d782f6546e8ab6443d0a7eeb8e6
2022-01-18 10:46:03.689,osPartiallyFilled,sBuy,1,157,8069,otLimit,tifNone,0,ya80W,00,元太,1642520763.0,TSE68d9868d24084c5d94c46aa248ff4cd4
2022-01-18 10:46:03.700,osPartiallyFilled,sBuy,1,157,8069,otLimit,tifNone,0,ya80X,00,元太,1642520763.0,TSE58d72e54bd234cb4b56c99514100f349
2022-01-18 10:46:03.700,osPartiallyFilled,sBuy,1,157,8069,otLimit,tifNone,0,ya80X,00,元太,1642520763.0,TSE31c3e60bd6e34db5a05e27ee7ffc092c
2022-01-18 10:56:01.226,osPartiallyFilled,sBuy,1,30.7,2353,otLimit,tifNone,4,ya847,00,宏碁,1642521361.0,TSEccaad12174424660abaa958d089bd328
2022-01-18 10:56:01.226,osPartiallyFilled,sBuy,1,30.7,2353,otLimit,tifNone,4,ya847,00,宏碁,1642521361.0,TSE6075ac3faadb4a669a0246d461c33133
2022-01-18 10:56:01.226,osPartiallyFilled,sBuy,1,30.7,2353,otLimit,tifNone,4,ya847,00,宏碁,1642521361.0,TSEab3e8083373b411a9b41c3f040ceb42e
2022-01-18 10:56:01.226,osPartiallyFilled,sBuy,1,30.7,2353,otLimit,tifNone,4,ya847,00,宏碁,1642521361.0,TSE5b6fa509e4e34bbe8798fc88f2bcadce
2022-01-18 10:56:01.226,osPartiallyFilled,sBuy,1,30.7,2353,otLimit,tifNone,4,ya847,00,宏碁,1642521361.0,TSE26f329309e19401fa725297958a577c4
2022-01-18 10:56:01.226,osPartiallyFilled,sBuy,1,30.7,2353,otLimit,tifNone,4,ya847,00,宏碁,1642521361.0,TSE5c724f4530fd4e1b971f8cd8901bd353
2022-01-18 10:56:01.226,osPartiallyFilled,sBuy,1,30.7,2353,otLimit,tifNone,4,ya847,00,宏碁,1642521361.0,TSEa35d2e1e061b4ce8a6e4477159c620be
2022-01-18 10:56:01.226,osPartiallyFilled,sBuy,1,30.7,2353,otLimit,tifNone,4,ya847,00,宏碁,1642521361.0,TSEcc2f22889bbf4e5f8023d897f21a6b71
2022-01-18 10:56:01.226,osPartiallyFilled,sBuy,1,30.7,2353,otLimit,tifNone,4,ya847,00,宏碁,1642521361.0,TSE1ffc0698f0ca43f0ad89772c36d0b5bf
2022-01-18 10:56:01.226,osPartiallyFilled,sBuy,1,30.7,2353,otLimit,tifNone,4,ya847,00,宏碁,1642521361.0,TSEcedbafea27f54247903cf211e1ccbd19
2022-01-18 10:56:01.226,osPartiallyFilled,sBuy,1,30.7,2353,otLimit,tifNone,4,ya847,00,宏碁,1642521361.0,TSEa647b1fb0a69457e92f49b90f0ce0b36
2022-01-18 10:56:01.226,osPartiallyFilled,sBuy,1,30.7,2353,otLimit,tifNone,4,ya847,00,宏碁,1642521361.0,TSEc9429f9e320948a28b04243477d7b336
2022-01-18 10:56:01.226,osPartiallyFilled,sBuy,1,30.7,2353,otLimit,tifNone,4,ya847,00,宏碁,1642521361.0,TSE4a63450330704e07821968fb352e65fe
2022-01-18 10:56:01.226,osPartiallyFilled,sBuy,1,30.7,2353,otLimit,tifNone,4,ya847,00,宏碁,1642521361.0,TSEd6f51b317d6145639b8a4b76cabcba0b
2022-01-18 10:56:01.226,osPartiallyFilled,sBuy,1,30.7,2353,otLimit,tifNone,4,ya847,00,宏碁,1642521361.0,TSEed4f9a6df6734a9d95f765edfa36fa9d
2022-01-18 10:56:01.226,osPartiallyFilled,sBuy,1,30.7,2353,otLimit,tifNone,4,ya847,00,宏碁,1642521361.0,TSEde1306fd964444d0882335155230e1a8
2022-01-18 10:56:01.226,osPartiallyFilled,sBuy,1,30.7,2353,otLimit,tifNone,4,ya847,00,宏碁,1642521361.0,TSE798fbcc5c2544107b95c1c8452527ee3
2022-01-18 10:56:01.226,osPartiallyFilled,sBuy,1,30.7,2353,otLimit,tifNone,4,ya847,00,宏碁,1642521361.0,TSE161f88f270814626ac4af57b439a0abc
2022-01-18 10:56:01.226,osPartiallyFilled,sBuy,1,30.7,2353,otLimit,tifNone,4,ya847,00,宏碁,1642521361.0,TSE133f5cbd37a342c9bd5896df05288877
2022-01-18 10:56:01.226,osPartiallyFilled,sBuy,1,30.7,2353,otLimit,tifNone,4,ya847,00,宏碁,1642521361.0,TSE81a2d5e64e6f42edadb344ff2217a94e
2022-01-18 10:56:01.226,osPartiallyFilled,sBuy,1,30.7,2353,otLimit,tifNone,4,ya847,00,宏碁,1642521361.0,TSEe0f173c11c9541b0b58f5c6eff3c07a4
2022-01-18 10:56:01.226,osPartiallyFilled,sBuy,1,30.7,2353,otLimit,tifNone,4,ya847,00,宏碁,1642521361.0,TSE7f3a5577029944f2ab1b1e388b75396f
2022-01-18 10:56:01.226,osPartiallyFilled,sBuy,1,30.7,2353,otLimit,tifNone,4,ya847,00,宏碁,1642521361.0,TSE513c3e053f27471da5d22424ddd5d61f
2022-01-18 10:56:01.226,osPartiallyFilled,sBuy,1,30.7,2353,otLimit,tifNone,4,ya847,00,宏碁,1642521361.0,TSE261d04bab64247a7b2257203aa7d5a11
2022-01-18 10:56:01.226,osPartiallyFilled,sBuy,1,30.7,2353,otLimit,tifNone,4,ya847,00,宏碁,1642521361.0,TSE0b143dcb57f14d0f8d09db4d89996189
2022-01-18 10:56:01.226,osPartiallyFilled,sBuy,1,30.7,2353,otLimit,tifNone,4,ya847,00,宏碁,1642521361.0,TSEa0d87b7c90ed4d758727bf98b8e6177e
2022-01-18 10:56:01.226,osPartiallyFilled,sBuy,1,30.7,2353,otLimit,tifNone,4,ya847,00,宏碁,1642521361.0,TSE541089f307be4aef9dfcc86819dddd90
2022-01-18 10:56:01.226,osPartiallyFilled,sBuy,1,30.7,2353,otLimit,tifNone,4,ya847,00,宏碁,1642521361.0,TSE5fc948620f6644d1a2738f0ae61c0fe7
2022-01-18 10:56:01.226,osPartiallyFilled,sBuy,1,30.7,2353,otLimit,tifNone,4,ya847,00,宏碁,1642521361.0,TSE859ba96fe6f94819876503ef94c94ee6
2022-01-18 10:56:01.226,osPartiallyFilled,sBuy,1,30.7,2353,otLimit,tifNone,4,ya847,00,宏碁,1642521361.0,TSEdbb83ff109bf4ffea63e809fe82cc5c1
2022-01-18 10:56:01.226,osPartiallyFilled,sBuy,1,30.7,2353,otLimit,tifNone,4,ya847,00,宏碁,1642521361.0,TSE4c6219d1ca27401fb0b1de7cbb2b0d6d
2022-01-18 10:56:01.226,osPartiallyFilled,sBuy,1,30.7,2353,otLimit,tifNone,4,ya847,00,宏碁,1642521361.0,TSE89b1376bc6354922a061139d8e0e8813
2022-01-18 10:56:01.226,osPartiallyFilled,sBuy,1,30.7,2353,otLimit,tifNone,4,ya847,00,宏碁,1642521361.0,TSEddc3be0b2e08431ca6aa4d9ed13ad606
2022-01-18 10:56:01.226,osPartiallyFilled,sBuy,1,30.7,2353,otLimit,tifNone,4,ya847,00,宏碁,1642521361.0,TSEbe73d7c2023a4bcc9f345ebdee915dc7
2022-01-18 10:56:01.226,osPartiallyFilled,sBuy,1,30.7,2353,otLimit,tifNone,4,ya847,00,宏碁,1642521361.0,TSE3b9fb65715634f50a875b583ab288c1a
2022-01-18 10:56:01.226,osPartiallyFilled,sBuy,1,30.7,2353,otLimit,tifNone,4,ya847,00,宏碁,1642521361.0,TSEc980412b07a74e88b638628d9c4e9069
2022-01-18 10:56:01.226,osPartiallyFilled,sBuy,1,30.7,2353,otLimit,tifNone,4,ya847,00,宏碁,1642521361.0,TSEc53dc28b1d5c44de82c64932f0227991
2022-01-18 10:56:01.226,osPartiallyFilled,sBuy,1,30.7,2353,otLimit,tifNone,4,ya847,00,宏碁,1642521361.0,TSE4280279add6647558a061fd42f9a23bc
2022-01-18 10:56:01.226,osPartiallyFilled,sBuy,1,30.7,2353,otLimit,tifNone,4,ya847,00,宏碁,1642521361.0,TSE9bd40c74bf104e2f8925b2b83b043add
2022-01-18 10:56:01.226,osPartiallyFilled,sBuy,1,30.7,2353,otLimit,tifNone,4,ya847,00,宏碁,1642521361.0,TSE95e46256a05244389b52cf07f770953a
2022-01-18 11:02:20.158,osPartiallyFilled,sBuy,1,20,2485,otLimit,tifNone,0,ya86R,00,兆赫,1642521740.0,TSE3cf2e6389beb4a18a7c4c0c04640e7eb
2022-01-18 11:02:20.158,osPartiallyFilled,sBuy,1,20,2485,otLimit,tifNone,0,ya86R,00,兆赫,1642521740.0,TSEfa13165b2eef495c8ba75e8d48257536
2022-01-18 11:34:31.534,osPartiallyFilled,sSell,1,216,3035,otLimit,tifNone,0,ya8GF,00,智原,1642523671.0,TSEcee120c06b9e47549d89cb9b8850f0ae
2022-01-18 11:34:31.534,osPartiallyFilled,sSell,1,216,3035,otLimit,tifNone,0,ya8GF,00,智原,1642523671.0,TSEa93aa035fe1845158892312f504caf9d
2022-01-18 11:35:21.640,osPartiallyFilled,sSell,1,816,6488,otLimit,tifNone,0,ya8Gj,00,環球晶,1642523721.0,TSE3e66765a970f49139681f91b47ba1617
2022-01-18 11:35:21.640,osPartiallyFilled,sSell,1,816,6488,otLimit,tifNone,0,ya8Gj,00,環球晶,1642523721.0,TSE79874aa334204459a45e04f1ac7dabb3
2022-01-18 11:36:09.493,osPartiallyFilled,sBuy,1,16.65,6116,otLimit,tifNone,0,ya8H5,00,彩晶,1642523769.0,TSEa3af2a4cb79f4643813a5141f12532b3
2022-01-18 11:36:09.493,osPartiallyFilled,sBuy,1,16.65,6116,otLimit,tifNone,0,ya8H5,00,彩晶,1642523769.0,TSEe2dea348da5343c29ac8509c06f54c54
2022-01-18 11:36:09.493,osPartiallyFilled,sBuy,1,16.65,6116,otLimit,tifNone,0,ya8H5,00,彩晶,1642523769.0,TSEc9bbd11202d14aa5920b2408e2c20135
2022-01-18 11:36:09.493,osPartiallyFilled,sBuy,1,16.65,6116,otLimit,tifNone,0,ya8H5,00,彩晶,1642523769.0,TSEc500c46775594e5d9b240a0721a6b518
2022-01-18 11:36:09.493,osPartiallyFilled,sBuy,1,16.65,6116,otLimit,tifNone,0,ya8H5,00,彩晶,1642523769.0,TSEb36ce4dcd2664fc68ccbd8fac317235c
2022-01-18 11:36:09.493,osPartiallyFilled,sBuy,1,16.65,6116,otLimit,tifNone,0,ya8H5,00,彩晶,1642523769.0,TSE76f40d8a7c344783aefffa21f00bf2da
2022-01-18 11:36:09.493,osPartiallyFilled,sBuy,1,16.65,6116,otLimit,tifNone,0,ya8H5,00,彩晶,1642523769.0,TSE16e366fd89a64ad2923fb290848b400a
2022-01-18 11:36:09.493,osPartiallyFilled,sBuy,1,16.65,6116,otLimit,tifNone,0,ya8H5,00,彩晶,1642523769.0,TSEc48134b1bac3424390a5080a667c194f
2022-01-18 11:36:19.169,osPartiallyFilled,sSell,1,122.5,8086,otLimit,tifNone,4,ya8H9,00,宏捷科,1642523779.0,TSEa01cec1274e446d2aa1ef500a0785846
2022-01-18 11:36:19.169,osPartiallyFilled,sSell,1,122.5,8086,otLimit,tifNone,4,ya8H9,00,宏捷科,1642523779.0,TSEa84849addfbc4c0fae83ec1f4dbfa9f8
2022-01-18 11:45:37.761,osPartiallyFilled,sSell,1,811,6488,otLimit,tifNone,0,ya8Kb,00,環球晶,1642524337.0,TSE89a5038967174a928025810b59d4c988
2022-01-18 11:45:37.761,osPartiallyFilled,sSell,1,811,6488,otLimit,tifNone,0,ya8Kb,00,環球晶,1642524337.0,TSE0e3323b2dde44c8f9d46e2012c46bc7d
2022-01-18 11:45:37.761,osPartiallyFilled,sSell,1,811,6488,otLimit,tifNone,0,ya8Kb,00,環球晶,1642524337.0,TSE54886b0a96e14e4c8bd30730d7dc84a4
2022-01-18 11:45:37.761,osPartiallyFilled,sSell,1,811,6488,otLimit,tifNone,0,ya8Kb,00,環球晶,1642524337.0,TSEe5dc56401c7e4b229da2626222e91a2f
2022-01-18 11:48:04.994,osPartiallyFilled,sBuy,1,158,8069,otLimit,tifNone,0,ya8LN,00,元太,1642524484.0,TSE206368a252554e968e87ea20f9a1379c
2022-01-18 11:48:04.994,osPartiallyFilled,sBuy,1,158,8069,otLimit,tifNone,0,ya8LN,00,元太,1642524484.0,TSE89cfd4c283d741dbbc33c0bd096ab246
2022-01-18 11:48:05.002,osPartiallyFilled,sBuy,1,158,8069,otLimit,tifNone,0,ya8LO,00,元太,1642524485.0,TSE715797309dc0481c93f04e26ad74672a
2022-01-18 11:48:05.002,osPartiallyFilled,sBuy,1,158,8069,otLimit,tifNone,0,ya8LO,00,元太,1642524485.0,TSE8bb67dc2cc1746b1822ae24eb0f05834
2022-01-18 11:53:38.364,osPartiallyFilled,sSell,1,122.5,8086,otLimit,tifNone,4,ya8N5,00,宏捷科,1642524818.0,TSE196e6036197344ac946ab8665f1c8f13
2022-01-18 11:53:38.364,osPartiallyFilled,sSell,1,122.5,8086,otLimit,tifNone,4,ya8N5,00,宏捷科,1642524818.0,TSEc4c1dc6e3a19459ca8ce1cf5ca14ae18
2022-01-18 11:53:38.364,osPartiallyFilled,sSell,1,122.5,8086,otLimit,tifNone,4,ya8N5,00,宏捷科,1642524818.0,TSEe4b6bdd8cd5448f8a3ce4cbe4f298fa8
2022-01-18 11:53:38.364,osPartiallyFilled,sSell,1,122.5,8086,otLimit,tifNone,4,ya8N5,00,宏捷科,1642524818.0,TSEd125bc4f4c614429839a67f404695928
2022-01-18 11:53:38.364,osPartiallyFilled,sSell,1,122.5,8086,otLimit,tifNone,4,ya8N5,00,宏捷科,1642524818.0,TSE915de1068bd643238eca3ee1edf5684b
2022-01-18 11:53:38.364,osPartiallyFilled,sSell,1,122.5,8086,otLimit,tifNone,4,ya8N5,00,宏捷科,1642524818.0,TSEe067391a845343018ad445bf71c61a41
2022-01-18 11:53:38.364,osPartiallyFilled,sSell,1,122.5,8086,otLimit,tifNone,4,ya8N5,00,宏捷科,1642524818.0,TSE9c3f41aff92a4c1da6958bff94e2ac27
2022-01-18 11:53:38.364,osPartiallyFilled,sSell,1,122.5,8086,otLimit,tifNone,4,ya8N5,00,宏捷科,1642524818.0,TSEc71b85c47ff94870b396e0f0b86b3e29
2022-01-18 11:53:38.364,osPartiallyFilled,sSell,1,122.5,8086,otLimit,tifNone,4,ya8N5,00,宏捷科,1642524818.0,TSEb836787618d445018ed977f2ff8d47b5
2022-01-18 11:53:38.364,osPartiallyFilled,sSell,1,122.5,8086,otLimit,tifNone,4,ya8N5,00,宏捷科,1642524818.0,TSEa48ffb0d1e4b411c8652cf134b8a6922
2022-01-18 11:53:42.061,osPartiallyFilled,sSell,1,158.5,8069,otLimit,tifNone,4,ya8N6,00,元太,1642524822.0,TSE478b09433d014c8cb678676d3971b118
2022-01-18 11:53:42.061,osPartiallyFilled,sSell,1,158.5,8069,otLimit,tifNone,4,ya8N6,00,元太,1642524822.0,TSE3926211b9ffa427498f5bc67e63deba4
2022-01-18 11:53:42.088,osPartiallyFilled,sSell,1,158.5,8069,otLimit,tifNone,4,ya8N7,00,元太,1642524822.0,TSEc0fe506ed48e44b5adfe682d5a682ca5
2022-01-18 11:53:42.088,osPartiallyFilled,sSell,1,158.5,8069,otLimit,tifNone,4,ya8N7,00,元太,1642524822.0,TSEbb85c9a53f394220addd546ee35407c0
2022-01-18 11:53:42.175,osPartiallyFilled,sSell,1,159,8069,otLimit,tifNone,4,ya8N8,00,元太,1642524822.0,TSEdb71ae8d98214115be018c8e3a3fb349
2022-01-18 11:53:42.175,osPartiallyFilled,sSell,1,159,8069,otLimit,tifNone,4,ya8N8,00,元太,1642524822.0,TSE890d0640601e44cb9db3324d95606b12
2022-01-18 11:53:42.175,osPartiallyFilled,sSell,1,159,8069,otLimit,tifNone,4,ya8N8,00,元太,1642524822.0,TSE663301203f97457f9fee8a5041ed3f4b
2022-01-18 11:53:42.175,osPartiallyFilled,sSell,1,159,8069,otLimit,tifNone,4,ya8N8,00,元太,1642524822.0,TSEe28e7993ff2d40d8afca9c06a95e2e51
2022-01-18 11:53:42.175,osPartiallyFilled,sSell,1,159,8069,otLimit,tifNone,4,ya8N8,00,元太,1642524822.0,TSE45636d4bdcca40ab9aa8a2a9cf89c676
2022-01-18 11:53:42.175,osPartiallyFilled,sSell,1,159,8069,otLimit,tifNone,4,ya8N8,00,元太,1642524822.0,TSEdf6b50d90a5345b592ab217df742ab47
2022-01-18 11:53:42.184,osPartiallyFilled,sSell,1,159,8069,otLimit,tifNone,4,ya8N9,00,元太,1642524822.0,TSEab38ca0c7b0548bd9a7d07c727f00a2a
2022-01-18 11:53:42.184,osPartiallyFilled,sSell,1,159,8069,otLimit,tifNone,4,ya8N9,00,元太,1642524822.0,TSEa30f782b703f456ba0fd8eb21d83529f
2022-01-18 11:53:42.184,osPartiallyFilled,sSell,1,159,8069,otLimit,tifNone,4,ya8N9,00,元太,1642524822.0,TSE04990edd88a746df9f7816d8e136eaf1
2022-01-18 11:53:42.184,osPartiallyFilled,sSell,1,159,8069,otLimit,tifNone,4,ya8N9,00,元太,1642524822.0,TSEeac803094ff940ccad7ae9f05efae378
2022-01-18 11:53:42.184,osPartiallyFilled,sSell,1,159,8069,otLimit,tifNone,4,ya8N9,00,元太,1642524822.0,TSE6ee6f211a812490fb6cdd58ce322dc86
2022-01-18 11:53:42.184,osPartiallyFilled,sSell,1,159,8069,otLimit,tifNone,4,ya8N9,00,元太,1642524822.0,TSEde8c3c21c1f949a1a1df94bab303b71c
2022-01-18 11:53:42.212,osPartiallyFilled,sSell,1,159,8069,otLimit,tifNone,4,ya8NA,00,元太,1642524822.0,TSEb1f3d19c381f4bc29d66d890b444c647
2022-01-18 11:53:42.212,osPartiallyFilled,sSell,1,159,8069,otLimit,tifNone,4,ya8NA,00,元太,1642524822.0,TSE7388989ee5eb4ee78432ae9e065307de
2022-01-18 11:53:42.212,osPartiallyFilled,sSell,1,159,8069,otLimit,tifNone,4,ya8NA,00,元太,1642524822.0,TSEccab9566715e454f9fbb4c11f7dfd3ea
2022-01-18 11:53:42.212,osPartiallyFilled,sSell,1,159,8069,otLimit,tifNone,4,ya8NA,00,元太,1642524822.0,TSE5cbfb6bc964c4103bffd4ff681c7a6f9
2022-01-18 11:53:42.212,osPartiallyFilled,sSell,1,159,8069,otLimit,tifNone,4,ya8NA,00,元太,1642524822.0,TSE461d11fd870c46529f090280ed12e965
2022-01-18 11:53:42.212,osPartiallyFilled,sSell,1,159,8069,otLimit,tifNone,4,ya8NA,00,元太,1642524822.0,TSEfa11f30bd3df40c0ba3435784c753bf4
2022-01-18 11:53:42.235,osPartiallyFilled,sSell,1,159,8069,otLimit,tifNone,4,ya8NB,00,元太,1642524822.0,TSEd9f45b06c5724cd4ad86ecbe81810c6c
2022-01-18 11:53:42.235,osPartiallyFilled,sSell,1,159,8069,otLimit,tifNone,4,ya8NB,00,元太,1642524822.0,TSE18761058fc614016aaff4a64e44dffe4
2022-01-18 11:53:42.235,osPartiallyFilled,sSell,1,159,8069,otLimit,tifNone,4,ya8NB,00,元太,1642524822.0,TSEb1b5d858627e4b3cbe04798bbf8059c2
2022-01-18 11:53:42.235,osPartiallyFilled,sSell,1,159,8069,otLimit,tifNone,4,ya8NB,00,元太,1642524822.0,TSE3a50d874d3c64295beee945dacb4d499
2022-01-18 11:53:42.235,osPartiallyFilled,sSell,1,159,8069,otLimit,tifNone,4,ya8NB,00,元太,1642524822.0,TSEa1ebe0779c204c9bb6613dd6c3855ba4
2022-01-18 11:53:42.235,osPartiallyFilled,sSell,1,159,8069,otLimit,tifNone,4,ya8NB,00,元太,1642524822.0,TSE02265d9fcdfb4f289028e1d31687aec6
2022-01-18 11:53:42.235,osPartiallyFilled,sSell,1,159,8069,otLimit,tifNone,4,ya8NB,00,元太,1642524822.0,TSE891af00cfafc4ba89b09dd0e04015ea5
2022-01-18 11:53:42.235,osPartiallyFilled,sSell,1,159,8069,otLimit,tifNone,4,ya8NB,00,元太,1642524822.0,TSE3e425b903a3e45fea89c270b05f3ae03
2022-01-18 11:53:42.246,osPartiallyFilled,sSell,1,159,8069,otLimit,tifNone,4,ya8NC,00,元太,1642524822.0,TSE30c48d035513470f8fcd0da0390589d6
2022-01-18 11:53:42.246,osPartiallyFilled,sSell,1,159,8069,otLimit,tifNone,4,ya8NC,00,元太,1642524822.0,TSE8270d02ab02340ea8abd84ba090e67a8
2022-01-18 11:53:42.246,osPartiallyFilled,sSell,1,158.5,8069,otLimit,tifNone,4,ya8NC,00,元太,1642524822.0,TSE6069e0873b17470da3d6d3c2a744063a
2022-01-18 11:53:42.246,osPartiallyFilled,sSell,1,158.5,8069,otLimit,tifNone,4,ya8NC,00,元太,1642524822.0,TSE13a0c02891ec4e4a8078b209cfcb91af
2022-01-18 11:53:42.268,osPartiallyFilled,sSell,1,158.5,8069,otLimit,tifNone,4,ya8ND,00,元太,1642524822.0,TSE5b140e095a3c49d98d0d2ddc9e6aa602
2022-01-18 11:53:42.268,osPartiallyFilled,sSell,1,158.5,8069,otLimit,tifNone,4,ya8ND,00,元太,1642524822.0,TSE6fad5ba84bfb48b483225dee14eb23d6
2022-01-18 11:53:42.268,osPartiallyFilled,sSell,1,158.5,8069,otLimit,tifNone,4,ya8ND,00,元太,1642524822.0,TSE2029b22d1c4d4b998352e5ad1b9671c0
2022-01-18 11:53:42.268,osPartiallyFilled,sSell,1,158.5,8069,otLimit,tifNone,4,ya8ND,00,元太,1642524822.0,TSEe77535948de8452592710da9ff929786
2022-01-18 11:53:42.268,osPartiallyFilled,sSell,1,158.5,8069,otLimit,tifNone,4,ya8ND,00,元太,1642524822.0,TSE746347ed8c9d4fed9eb56934df6274c0
2022-01-18 11:53:42.268,osPartiallyFilled,sSell,1,158.5,8069,otLimit,tifNone,4,ya8ND,00,元太,1642524822.0,TSE2afeab6a575a4909bda429c304c0fda6
2022-01-18 11:53:42.765,osPartiallyFilled,sSell,1,158.5,8069,otLimit,tifNone,4,ya8NE,00,元太,1642524822.0,TSE7ebf80bd987d438480b97396bcfea4f0
2022-01-18 11:53:42.765,osPartiallyFilled,sSell,1,158.5,8069,otLimit,tifNone,4,ya8NE,00,元太,1642524822.0,TSEc3ad78af17434ebaae0f77ac5f148ec0
2022-01-18 12:21:00.416,osPartiallyFilled,sSell,1,60.2,6257,otLimit,tifNone,0,ya8WO,00,矽格,1642526460.0,TSE6f52ec7dc22a48f9bca4dad623bb6f22
2022-01-18 12:21:00.416,osPartiallyFilled,sSell,1,60.1,6257,otLimit,tifNone,0,ya8WO,00,矽格,1642526460.0,TSE480663bc73dd43a8a989a9e0f6635982
2022-01-18 12:21:00.437,osPartiallyFilled,sSell,1,60.1,6257,otLimit,tifNone,0,ya8WP,00,矽格,1642526460.0,TSE6d25de6153304646a9d390ff87a8630e
2022-01-18 12:21:00.437,osPartiallyFilled,sSell,1,60.1,6257,otLimit,tifNone,0,ya8WP,00,矽格,1642526460.0,TSE852090bb104b41eda0687fbf0aad031e
2022-01-18 12:22:41.935,osPartiallyFilled,sSell,1,60,6257,otLimit,tifNone,0,ya8Wx,00,矽格,1642526561.0,TSE4a5476a09a534a2c89befee4eebace68
2022-01-18 12:22:41.935,osPartiallyFilled,sSell,1,60,6257,otLimit,tifNone,0,ya8Wx,00,矽格,1642526561.0,TSEd97393bb330a4ca59de445a40e61c77b
2022-01-18 12:22:50.860,osPartiallyFilled,sSell,1,60,6257,otLimit,tifNone,0,ya8Wy,00,矽格,1642526570.0,TSE029bbf5fa4334284bacad0544949fc7e
2022-01-18 12:22:50.860,osPartiallyFilled,sSell,1,60,6257,otLimit,tifNone,0,ya8Wy,00,矽格,1642526570.0,TSEc2b0b2ed49054c62a6fce066aefc66d9
2022-01-18 12:22:54.420,osPartiallyFilled,sSell,1,60,6257,otLimit,tifNone,0,ya8X2,00,矽格,1642526574.0,TSEf7ce8777eae74a60919d5472a7d0bf2e
2022-01-18 12:22:54.420,osPartiallyFilled,sSell,1,60,6257,otLimit,tifNone,0,ya8X2,00,矽格,1642526574.0,TSE4e195a38eab445978d73a463d49316a3
2022-01-18 12:22:56.155,osPartiallyFilled,sSell,1,60,6257,otLimit,tifNone,0,ya8X3,00,矽格,1642526576.0,TSE7a2c4df59b324c4ea9e06b85b8ed474c
2022-01-18 12:22:56.155,osPartiallyFilled,sSell,1,60,6257,otLimit,tifNone,0,ya8X3,00,矽格,1642526576.0,TSE1a6b054556b048b095b70c3f01aaa8b9
2022-01-18 12:22:57.091,osPartiallyFilled,sSell,1,60,6257,otLimit,tifNone,0,ya8X4,00,矽格,1642526577.0,TSE24afd8ceb6fb4fd4918aee72fc283373
2022-01-18 12:22:57.091,osPartiallyFilled,sSell,1,60,6257,otLimit,tifNone,0,ya8X4,00,矽格,1642526577.0,TSE34fd34923c034ea3af86853c0f8c06b2
2022-01-18 12:22:58.438,osPartiallyFilled,sSell,1,60,6257,otLimit,tifNone,0,ya8X5,00,矽格,1642526578.0,TSE7b2f6c63db784aeabd316a5ec2f75cde
2022-01-18 12:22:58.438,osPartiallyFilled,sSell,1,60,6257,otLimit,tifNone,0,ya8X5,00,矽格,1642526578.0,TSE456d5c708dbf42358eef80c20ae1f682
2022-01-18 12:22:59.668,osPartiallyFilled,sSell,1,60,6257,otLimit,tifNone,0,ya8X6,00,矽格,1642526579.0,TSEfcedb6283b1d433e87175b9e19742a28
2022-01-18 12:22:59.668,osPartiallyFilled,sSell,1,60,6257,otLimit,tifNone,0,ya8X6,00,矽格,1642526579.0,TSE125d7862929741c6987b21b5eb073fbf
2022-01-18 12:23:00.737,osPartiallyFilled,sSell,1,60,6257,otLimit,tifNone,0,ya8X7,00,矽格,1642526580.0,TSE72fe48fa3de248fda3aa6e030f5272ae
2022-01-18 12:23:00.737,osPartiallyFilled,sSell,1,60,6257,otLimit,tifNone,0,ya8X7,00,矽格,1642526580.0,TSE5c4a21459f4f43beb814078c79161032
2022-01-18 12:36:12.142,osPartiallyFilled,sSell,1,215,3035,otLimit,tifNone,0,ya8co,00,智原,1642527372.0,TSEa7426feefbf849cb92cc41ebff07567a
2022-01-18 12:36:12.142,osPartiallyFilled,sSell,1,215,3035,otLimit,tifNone,0,ya8co,00,智原,1642527372.0,TSEf2d9959941344583bb9eca99acd14436
2022-01-18 12:36:42.632,osPartiallyFilled,sBuy,1,16.6,6116,otLimit,tifNone,0,ya8cx,00,彩晶,1642527402.0,TSEb7610a6eb5a143f2b4eea0c0e96897a5
2022-01-18 12:36:42.632,osPartiallyFilled,sBuy,1,16.6,6116,otLimit,tifNone,0,ya8cx,00,彩晶,1642527402.0,TSE4b67938794154b649b23e9ac5dfd6f13
2022-01-18 12:36:42.632,osPartiallyFilled,sBuy,1,16.6,6116,otLimit,tifNone,0,ya8cx,00,彩晶,1642527402.0,TSE8073860844524c0f8cc30a64a4a574d9
2022-01-18 12:36:42.632,osPartiallyFilled,sBuy,1,16.6,6116,otLimit,tifNone,0,ya8cx,00,彩晶,1642527402.0,TSEcf548cb93f264b11911e3a3965f5e70f
2022-01-18 12:43:00.770,osPartiallyFilled,sSell,1,214.5,3035,otLimit,tifNone,0,ya8ej,00,智原,1642527780.0,TSEfcb7c8c0b24747ce93a586239457b3d8
2022-01-18 12:43:00.770,osPartiallyFilled,sSell,1,214.5,3035,otLimit,tifNone,0,ya8ej,00,智原,1642527780.0,TSEa0e125ec552c44fa854e5bfc2e98ff6c
2022-01-18 12:43:00.770,osPartiallyFilled,sSell,1,214.5,3035,otLimit,tifNone,0,ya8ej,00,智原,1642527780.0,TSE19e2c8bc7d4d4a72991f141a49a39f7b
2022-01-18 12:43:00.770,osPartiallyFilled,sSell,1,214.5,3035,otLimit,tifNone,0,ya8ej,00,智原,1642527780.0,TSE0685ff0392bc41aeab6eb2b0feab0d27
2022-01-18 12:43:00.770,osPartiallyFilled,sSell,1,214.5,3035,otLimit,tifNone,0,ya8ej,00,智原,1642527780.0,TSEe37e3dba38bc48e9a15745348651c1f0
2022-01-18 12:43:00.770,osPartiallyFilled,sSell,1,214.5,3035,otLimit,tifNone,0,ya8ej,00,智原,1642527780.0,TSEcc6ea98037d34663962d6365fb237506
2022-01-18 12:43:00.770,osPartiallyFilled,sSell,1,214.5,3035,otLimit,tifNone,0,ya8ej,00,智原,1642527780.0,TSE94e516e491654d00a57cf46aa8197f66
2022-01-18 12:43:00.770,osPartiallyFilled,sSell,1,214.5,3035,otLimit,tifNone,0,ya8ej,00,智原,1642527780.0,TSEca887f0788d64279a985a4eaa4f098a0
2022-01-18 12:43:00.770,osPartiallyFilled,sSell,1,214.5,3035,otLimit,tifNone,0,ya8ej,00,智原,1642527780.0,TSE28e2f00f55604c03a7a3bb769018aa83
2022-01-18 12:43:00.770,osPartiallyFilled,sSell,1,214.5,3035,otLimit,tifNone,0,ya8ej,00,智原,1642527780.0,TSE0a2a1a0b446245f69e48c2b25c7d576c
2022-01-18 12:43:00.770,osPartiallyFilled,sSell,1,214.5,3035,otLimit,tifNone,0,ya8ej,00,智原,1642527780.0,TSEf6e9cf0a02864bccb490c80d385c1239
2022-01-18 12:43:00.770,osPartiallyFilled,sSell,1,214.5,3035,otLimit,tifNone,0,ya8ej,00,智原,1642527780.0,TSEb5830c5b0624492198e3419a7c159544
2022-01-18 12:43:12.062,osPartiallyFilled,sBuy,1,192.5,3691,otLimit,tifNone,0,ya8em,00,碩禾,1642527792.0,TSE521989f7602045059d167122543ac8eb
2022-01-18 12:43:12.062,osPartiallyFilled,sBuy,1,192.5,3691,otLimit,tifNone,0,ya8em,00,碩禾,1642527792.0,TSE3bcb7fbd6fd34f66839dc359831a9878
2022-01-18 12:52:27.342,osPartiallyFilled,sBuy,1,16.6,6116,otLimit,tifNone,0,ya8kJ,00,彩晶,1642528347.0,TSE2de75ec74e8341ec97f5d2c0f06e645c
2022-01-18 12:52:27.342,osPartiallyFilled,sBuy,1,16.6,6116,otLimit,tifNone,0,ya8kJ,00,彩晶,1642528347.0,TSE8a961509f4ed464d9992a8e1f62e441e
2022-01-18 12:52:27.342,osPartiallyFilled,sBuy,1,16.6,6116,otLimit,tifNone,0,ya8kJ,00,彩晶,1642528347.0,TSE1c6181f54ac546b1a9b28c7e082433dc
2022-01-18 12:52:27.342,osPartiallyFilled,sBuy,1,16.6,6116,otLimit,tifNone,0,ya8kJ,00,彩晶,1642528347.0,TSE17e0ff905b9945a99fd2b12ab1c9cedb
2022-01-18 12:52:27.342,osPartiallyFilled,sBuy,1,16.6,6116,otLimit,tifNone,0,ya8kJ,00,彩晶,1642528347.0,TSE01c338bffb3b4197b78173ca74b14c3b
2022-01-18 12:52:27.342,osPartiallyFilled,sBuy,1,16.6,6116,otLimit,tifNone,0,ya8kJ,00,彩晶,1642528347.0,TSE4f5845e2f5174e0db71928ca514cf518
2022-01-18 12:52:27.342,osPartiallyFilled,sBuy,1,16.6,6116,otLimit,tifNone,0,ya8kJ,00,彩晶,1642528347.0,TSEabe5e46f88b54b72b667110039273b3d
2022-01-18 12:52:27.342,osPartiallyFilled,sBuy,1,16.6,6116,otLimit,tifNone,0,ya8kJ,00,彩晶,1642528347.0,TSE7c59af4bda0d4024b149f3c0de165a8e
2022-01-18 12:52:27.342,osPartiallyFilled,sBuy,1,16.6,6116,otLimit,tifNone,0,ya8kJ,00,彩晶,1642528347.0,TSE9fc1d9762b044b28bc729aa6b6637cb6
2022-01-18 12:52:27.342,osPartiallyFilled,sBuy,1,16.6,6116,otLimit,tifNone,0,ya8kJ,00,彩晶,1642528347.0,TSEde7ce672ba3e4bbf888be1cec6e3c4e0
2022-01-18 12:52:27.342,osPartiallyFilled,sBuy,1,16.6,6116,otLimit,tifNone,0,ya8kJ,00,彩晶,1642528347.0,TSE4de73571461a4b30a17b20f944871916
2022-01-18 12:52:27.342,osPartiallyFilled,sBuy,1,16.6,6116,otLimit,tifNone,0,ya8kJ,00,彩晶,1642528347.0,TSEe6a12f17c5874d9fbe01610881adb59d
2022-01-18 12:52:27.342,osPartiallyFilled,sBuy,1,16.6,6116,otLimit,tifNone,0,ya8kJ,00,彩晶,1642528347.0,TSE4ce92ff44cd54be1b90ad5f6501d6c2b
2022-01-18 12:52:27.342,osPartiallyFilled,sBuy,1,16.6,6116,otLimit,tifNone,0,ya8kJ,00,彩晶,1642528347.0,TSEdc9d92f3d3c249ac8112cc003876df11
2022-01-18 12:52:27.342,osPartiallyFilled,sBuy,1,16.6,6116,otLimit,tifNone,0,ya8kJ,00,彩晶,1642528347.0,TSE3d845cceb02048e790364725c7c7e04b
2022-01-18 12:52:27.342,osPartiallyFilled,sBuy,1,16.6,6116,otLimit,tifNone,0,ya8kJ,00,彩晶,1642528347.0,TSEeb0043befbec424091f9004f1846f8b3
2022-01-18 12:52:27.342,osPartiallyFilled,sBuy,1,16.6,6116,otLimit,tifNone,0,ya8kJ,00,彩晶,1642528347.0,TSEe84701a8b4a74a33aed1bb1303d57911
2022-01-18 12:52:27.342,osPartiallyFilled,sBuy,1,16.6,6116,otLimit,tifNone,0,ya8kJ,00,彩晶,1642528347.0,TSE2ec387210e694016a367febdf682e0dd
2022-01-18 13:10:11.161,osPartiallyFilled,sSell,1,17.1,2489,otLimit,tifNone,4,ya93T,00,瑞軒,1642529411.0,TSE71fddc24825d45a2a54a6c562d2f88b5
2022-01-18 13:10:11.161,osPartiallyFilled,sSell,1,17.1,2489,otLimit,tifNone,4,ya93T,00,瑞軒,1642529411.0,TSEd0fb269960b74dbdbe22064200272f2d
2022-01-18 13:10:15.807,osPartiallyFilled,sSell,1,17.1,2489,otLimit,tifNone,4,ya93a,00,瑞軒,1642529415.0,TSEb6c03d3926ec4dbb88539e8aacb6a15b
2022-01-18 13:10:15.807,osPartiallyFilled,sSell,1,17.1,2489,otLimit,tifNone,4,ya93a,00,瑞軒,1642529415.0,TSEaad20d0f511e4ccb8a747dc34ffae495
2022-01-18 13:10:22.994,osPartiallyFilled,sSell,1,17.1,2489,otLimit,tifNone,4,ya93v,00,瑞軒,1642529422.0,TSE2f50d5a367d24601b47bb34dcbcca792
2022-01-18 13:10:22.994,osPartiallyFilled,sSell,1,17.1,2489,otLimit,tifNone,4,ya93v,00,瑞軒,1642529422.0,TSEd449e31a685e47ea94038a86925496fa
2022-01-18 13:10:24.836,osPartiallyFilled,sSell,1,17.1,2489,otLimit,tifNone,4,ya93z,00,瑞軒,1642529424.0,TSE0c0a0f36f0814b4cb4af22c3ced14465
2022-01-18 13:10:24.836,osPartiallyFilled,sSell,1,17.1,2489,otLimit,tifNone,4,ya93z,00,瑞軒,1642529424.0,TSEace8a4c908864f368f9ba425772f21f5
2022-01-18 13:10:37.607,osPartiallyFilled,sSell,1,83.7,5371,otLimit,tifNone,0,ya946,00,中光電,1642529437.0,TSE93ebdda816d5490a998c43a6b78e7630
2022-01-18 13:10:37.607,osPartiallyFilled,sSell,1,83.7,5371,otLimit,tifNone,0,ya946,00,中光電,1642529437.0,TSEd0930e64ac654ab18e54cff41c2f88c5
2022-01-18 13:16:50.761,osPartiallyFilled,sSell,1,59.8,6257,otLimit,tifNone,0,ya9Cg,00,矽格,1642529810.0,TSEf78217610f2f41c2b494bfbee0f5c756
2022-01-18 13:16:50.761,osPartiallyFilled,sSell,1,59.8,6257,otLimit,tifNone,0,ya9Cg,00,矽格,1642529810.0,TSE956b39c9bf414d8fb4d1e309dbb715a2
2022-01-18 13:16:50.761,osPartiallyFilled,sSell,1,59.8,6257,otLimit,tifNone,0,ya9Cg,00,矽格,1642529810.0,TSE0138e035ac32418aa8880cd2172239b5
2022-01-18 13:16:50.761,osPartiallyFilled,sSell,1,59.8,6257,otLimit,tifNone,0,ya9Cg,00,矽格,1642529810.0,TSE362447f278ce4bddb548c60481227063
2022-01-18 13:16:50.764,osPartiallyFilled,sSell,1,59.8,6257,otLimit,tifNone,0,ya9Ch,00,矽格,1642529810.0,TSE998fc64fc1a6493cb80a1474ef146c8e
2022-01-18 13:16:50.764,osPartiallyFilled,sSell,1,59.8,6257,otLimit,tifNone,0,ya9Ch,00,矽格,1642529810.0,TSE4aca2a4a431547558358013d4caf7425
2022-01-18 13:16:50.764,osPartiallyFilled,sSell,1,59.8,6257,otLimit,tifNone,0,ya9Ch,00,矽格,1642529810.0,TSE7d17c09f3734419ba0b9446b80f8afb9
2022-01-18 13:16:50.764,osPartiallyFilled,sSell,1,59.8,6257,otLimit,tifNone,0,ya9Ch,00,矽格,1642529810.0,TSEd8a41120089a4cd99a2b41952749fcc9
2022-01-18 13:16:50.764,osPartiallyFilled,sSell,1,59.8,6257,otLimit,tifNone,0,ya9Ch,00,矽格,1642529810.0,TSE315727c669cc40448569a45d6ffd2098
2022-01-18 13:16:50.764,osPartiallyFilled,sSell,1,59.8,6257,otLimit,tifNone,0,ya9Ch,00,矽格,1642529810.0,TSEc134e994b06f40cc9c508a87e9927b31
2022-01-18 13:30:00.000,osPartiallyFilled,sBuy,1,68.3,1216,otLimit,tifNone,0,ya9RK,00,統一,1642530600.0,TSEf69711f735fe4d768e24e58cca2691c0
2022-01-18 13:30:00.000,osPartiallyFilled,sBuy,1,68.3,1216,otLimit,tifNone,0,ya9RK,00,統一,1642530600.0,TSE4e802ed1253e4e6084f9292f69bef5e7
2022-01-18 13:30:00.000,osPartiallyFilled,sBuy,1,68.3,1216,otLimit,tifNone,0,ya9RK,00,統一,1642530600.0,TSE1cba4ddd649e467ead72195c36430839
2022-01-18 13:30:00.000,osPartiallyFilled,sBuy,1,68.3,1216,otLimit,tifNone,0,ya9RK,00,統一,1642530600.0,TSE3bb41446b60d43b9ae9a948f4519041d
2022-01-18 13:30:00.000,osPartiallyFilled,sBuy,1,68.3,1216,otLimit,tifNone,0,ya9RK,00,統一,1642530600.0,TSEf75ada2f7e1f4dbd9e14d038c286f243
2022-01-18 13:30:00.000,osPartiallyFilled,sBuy,1,68.3,1216,otLimit,tifNone,0,ya9RK,00,統一,1642530600.0,TSE7efd7530ecef49069f15ddc0b979c11f
2022-01-18 13:30:00.000,osPartiallyFilled,sBuy,1,68.3,1216,otLimit,tifNone,0,ya9RK,00,統一,1642530600.0,TSE7a058c5d98214187ba659ad89506a358
2022-01-18 13:30:00.000,osPartiallyFilled,sBuy,1,68.3,1216,otLimit,tifNone,0,ya9RK,00,統一,1642530600.0,TSEbbbd4889a7b84affbdb4aaa1e8155fc2
2022-01-18 13:30:00.000,osPartiallyFilled,sBuy,1,68.3,1216,otLimit,tifNone,0,ya9RK,00,統一,1642530600.0,TSE2ef11912983c494793b28780087b96da
2022-01-18 13:30:00.000,osPartiallyFilled,sBuy,1,68.3,1216,otLimit,tifNone,0,ya9RK,00,統一,1642530600.0,TSEbc946b3dcd254acca045e436162dd3c7
2022-01-18 13:30:00.000,osPartiallyFilled,sBuy,1,68.3,1216,otLimit,tifNone,0,ya9RK,00,統一,1642530600.0,TSE472b5b468fca43f1af2f692f7138a509
2022-01-18 13:30:00.000,osPartiallyFilled,sBuy,1,68.3,1216,otLimit,tifNone,0,ya9RK,00,統一,1642530600.0,TSEb351d0a4634e49649954ec5bc7974513
2022-01-18 13:30:00.000,osPartiallyFilled,sBuy,1,68.3,1216,otLimit,tifNone,0,ya9RK,00,統一,1642530600.0,TSEa097516787a64c3f926e402f71c6cec8
2022-01-18 13:30:00.000,osPartiallyFilled,sBuy,1,68.3,1216,otLimit,tifNone,0,ya9RK,00,統一,1642530600.0,TSEa952d937635e4b58b51f73694f159f3a
2022-01-18 13:30:00.000,osPartiallyFilled,sBuy,1,68.3,1216,otLimit,tifNone,0,ya9RK,00,統一,1642530600.0,TSE625e208a98854055b28883ce0db9ed08
2022-01-18 13:30:00.000,osPartiallyFilled,sBuy,1,68.3,1216,otLimit,tifNone,0,ya9RK,00,統一,1642530600.0,TSEa49d13021cb64eb4bf72879a612267d8
2022-01-18 13:30:00.000,osPartiallyFilled,sBuy,1,68.3,1216,otLimit,tifNone,0,ya9RK,00,統一,1642530600.0,TSE22cb8290203c44d99fb544289c5502a7
2022-01-18 13:30:00.000,osPartiallyFilled,sBuy,1,68.3,1216,otLimit,tifNone,0,ya9RK,00,統一,1642530600.0,TSEb7a89ae4dad14207a8a53d49576ca599
2022-01-18 13:30:00.000,osPartiallyFilled,sBuy,1,68.3,1216,otLimit,tifNone,0,ya9RK,00,統一,1642530600.0,TSEc2c60a43c7a44e7fa439e7c7aab040b5
2022-01-18 13:30:00.000,osPartiallyFilled,sBuy,1,68.3,1216,otLimit,tifNone,0,ya9RK,00,統一,1642530600.0,TSE33fa6bb839b74ab094469e3e3e24376f
2022-01-18 13:30:00.000,osPartiallyFilled,sBuy,1,68.3,1216,otLimit,tifNone,0,ya9RK,00,統一,1642530600.0,TSE2957f68c565345b9a2d8bddddb2a2a2a
2022-01-18 13:30:00.000,osPartiallyFilled,sBuy,1,68.3,1216,otLimit,tifNone,0,ya9RK,00,統一,1642530600.0,TSEfa81c950861c4f158ea116afb9f43deb
2022-01-18 13:30:00.000,osPartiallyFilled,sBuy,1,68.3,1216,otLimit,tifNone,0,ya9RK,00,統一,1642530600.0,TSE7b542427017a4a83ac2ad56326aba461
2022-01-18 13:30:00.000,osPartiallyFilled,sSell,1,21.15,2331,otLimit,tifNone,4,ya9RI,00,精英,1642530600.0,TSE650be24aef474804a0f15f8124ef1d1a
2022-01-18 13:30:00.000,osPartiallyFilled,sBuy,1,68.3,1216,otLimit,tifNone,0,ya9RK,00,統一,1642530600.0,TSE71b898950b1c4e96857558a38b8482c8
2022-01-18 13:30:00.000,osPartiallyFilled,sBuy,1,2105,3008,otLimit,tifNone,0,ya9RJ,00,大立光,1642530600.0,TSE3ba1c803512d427faca9c607c3fdb523
2022-01-18 13:30:00.000,osPartiallyFilled,sBuy,1,2105,3008,otLimit,tifNone,0,ya9RJ,00,大立光,1642530600.0,TSE90ad34c3647643cdad7cfc52b9e3801b
2022-01-18 13:30:00.000,osPartiallyFilled,sSell,1,16.7,6116,otLimit,tifNone,4,ya9RL,00,彩晶,1642530600.0,TSE4d4c689f178940b6ad667747fec068eb
2022-01-18 13:30:00.000,osPartiallyFilled,sSell,1,16.7,6116,otLimit,tifNone,4,ya9RL,00,彩晶,1642530600.0,TSE5f4e4613942745e88d0ee332b2fa00c4
2022-01-18 13:30:00.000,osPartiallyFilled,sBuy,1,68.3,1216,otLimit,tifNone,0,ya9RK,00,統一,1642530600.0,TSE4437925595994579b72aeba10047475c
2022-01-18 13:30:00.000,osPartiallyFilled,sBuy,1,68.3,1216,otLimit,tifNone,0,ya9RK,00,統一,1642530600.0,TSE94ee131313db480d8e787379757a7838
2022-01-18 13:30:00.000,osPartiallyFilled,sBuy,1,68.3,1216,otLimit,tifNone,0,ya9RK,00,統一,1642530600.0,TSE7032f11419824e51aa02666c05ee7ba4
2022-01-18 13:30:00.000,osPartiallyFilled,sBuy,1,68.3,1216,otLimit,tifNone,0,ya9RK,00,統一,1642530600.0,TSE2b2c456745e841dca018fded801b0798
2022-01-18 13:30:00.000,osPartiallyFilled,sBuy,1,68.3,1216,otLimit,tifNone,0,ya9RK,00,統一,1642530600.0,TSEdbff717adba94578a26c016f3da388bd
2022-01-18 13:30:00.000,osPartiallyFilled,sBuy,1,68.3,1216,otLimit,tifNone,0,ya9RK,00,統一,1642530600.0,TSE1ecaad1e47dc4af9b92d3b9252b8889d
2022-01-18 13:30:00.000,osPartiallyFilled,sBuy,1,68.3,1216,otLimit,tifNone,0,ya9RK,00,統一,1642530600.0,TSE9d6686fdb95d42b5844d15a2ca431837
2022-01-18 13:30:00.000,osPartiallyFilled,sBuy,1,68.3,1216,otLimit,tifNone,0,ya9RK,00,統一,1642530600.0,TSEb90dd4ad9d7246baa8f321eac90841ed
2022-01-18 13:30:00.000,osPartiallyFilled,sBuy,1,68.3,1216,otLimit,tifNone,0,ya9RK,00,統一,1642530600.0,TSEcdb9bfc241634738ae796f9266a55369
2022-01-18 13:30:00.000,osPartiallyFilled,sBuy,1,68.3,1216,otLimit,tifNone,0,ya9RK,00,統一,1642530600.0,TSEab3f43abb2c64f2b8a3a1cd1b7d26c9b
2022-01-18 13:30:00.000,osPartiallyFilled,sBuy,1,68.3,1216,otLimit,tifNone,0,ya9RK,00,統一,1642530600.0,TSE729643d6eb4643fbacabd305ff5e6a11
2022-01-18 13:30:00.000,osPartiallyFilled,sBuy,1,68.3,1216,otLimit,tifNone,0,ya9RK,00,統一,1642530600.0,TSE87ce275d7abb47769d4f8a00997b5e79
2022-01-18 13:30:00.000,osPartiallyFilled,sBuy,1,68.3,1216,otLimit,tifNone,0,ya9RK,00,統一,1642530600.0,TSE640daf5bece84d0d9e6a7fca83aec326
2022-01-18 13:30:00.000,osPartiallyFilled,sBuy,1,68.3,1216,otLimit,tifNone,0,ya9RK,00,統一,1642530600.0,TSE2a222e8a74ff4c85940539404d3bf121
2022-01-18 13:30:00.000,osPartiallyFilled,sBuy,1,68.3,1216,otLimit,tifNone,0,ya9RK,00,統一,1642530600.0,TSE4272f30fe7b74ea2a00030ddee65c0fa
2022-01-18 13:30:00.000,osPartiallyFilled,sBuy,1,68.3,1216,otLimit,tifNone,0,ya9RK,00,統一,1642530600.0,TSEadae6d9d04c849ec8d35b8eaa8d11b39
2022-01-18 13:30:00.000,osPartiallyFilled,sBuy,1,68.3,1216,otLimit,tifNone,0,ya9RK,00,統一,1642530600.0,TSE4baa128cc6c044e5944e2e336d39afb6
2022-01-18 13:30:00.000,osPartiallyFilled,sBuy,1,68.3,1216,otLimit,tifNone,0,ya9RK,00,統一,1642530600.0,TSEb1403f6d4a75416b827db2209bfb0253
2022-01-18 13:30:00.000,osPartiallyFilled,sSell,1,21.15,2331,otLimit,tifNone,4,ya9RI,00,精英,1642530600.0,TSEa98ade4354904c69ba05abe2af95a815
