2022-05-05,08:59:55.653,osPartiallyFilled,sBuy,2,91.2,GUFE2,全新期貨 05,Limit,IOC,0,hHHHP,1651712395653,00,FUTFF002033000000062201
2022-05-05,08:59:55.850,osPartiallyFilled,sSell,1,75.6,KGFE2,啟碁期貨 05,Limit,IOC,0,hHHHQ,1651712395850,00,FUTFF002018000000086297
2022-05-05,08:59:57.249,osPartiallyFilled,sBuy,6,49.9,HCFE2,宏達電期貨 05,Limit,IOC,0,hHHHR,1651712397249,00,FUTFF0020330000000710393
2022-05-05,08:59:57.608,osPartiallyFilled,sSell,2,198.5,NAFE2,穩懋期貨 05,Limit,IOC,0,hHHHS,1651712397608,00,FUTFF0020180000000914489
2022-05-05,08:59:58.252,osPartiallyFilled,sSell,7,133,DAFE2,陽明期貨 05,Limit,IOC,0,hHHHT,1651712398252,00,FUTFF0020330000000818585
2022-05-05,08:59:58.256,osPartiallyFilled,sBuy,1,38.95,DIFE2,旺宏期貨 05,Limit,IOC,0,hHHHU,1651712398256,00,FUTFF0020180000001022681
2022-05-05,08:59:58.344,osPartiallyFilled,sSell,2,402,IOFE2,聯詠期貨 05,Limit,IOC,0,hHHHV,1651712398344,00,FUTFF0020330000000926777
2022-05-05,08:59:59.427,osPartiallyFilled,sBuy,1,163,OUFE2,同致期貨 05,Limit,IOC,0,hHHHW,1651712399427,00,FUTFF0020180000001130873
2022-05-05,09:00:02.575,osPartiallyFilled,sSell,6,9.7,DDFE2,新光金期貨 05,Limit,IOC,0,hHHHY,1651712402575,00,FUTFF0020330000001139065
2022-05-05,09:00:02.585,osPartiallyFilled,sSell,2,9.7,DDFE2,新光金期貨 05,Limit,IOC,0,hHHHZ,1651712402585,00,FUTFF0020180000001243161
2022-05-05,09:00:03.049,osPartiallyFilled,sSell,1,9.69,DDFE2,新光金期貨 05,Limit,IOC,0,hHHHa,1651712403049,00,FUTFF0020180000001347257
2022-05-05,09:00:03.673,osPartiallyFilled,sSell,1,9.69,DDFE2,新光金期貨 05,Limit,IOC,0,hHHHb,1651712403673,00,FUTFF0020330000001251353
2022-05-05,09:00:10.478,osPartiallyFilled,sSell,2,459.5,JBFE2,創意期貨 05,Limit,IOC,0,hHHHc,1651712410478,00,FUTFF0020330000001355449
2022-05-05,09:00:11.771,osPartiallyFilled,sSell,1,29.6,KFFE2,康舒期貨 05,Limit,IOC,0,hHHHe,1651712411771,00,FUTFF0020330000001463641
2022-05-05,09:00:22.344,osPartiallyFilled,sBuy,1,197,NAFE2,穩懋期貨 05,Limit,IOC,0,hHHHh,1651712422344,00,FUTFF0020180000001675929
2022-05-05,09:00:30.253,osPartiallyFilled,sBuy,1,399.5,IOFE2,聯詠期貨 05,Limit,IOC,0,hHHHj,1651712430253,00,FUTFF0020330000001684121
2022-05-05,09:00:30.708,osPartiallyFilled,sBuy,1,399.5,IOFE2,聯詠期貨 05,Limit,IOC,0,hHHHk,1651712430708,00,FUTFF0020180000001888217
2022-05-05,09:00:31.242,osPartiallyFilled,sBuy,1,197,NAFE2,穩懋期貨 05,Limit,IOC,0,hHHHl,1651712431242,00,FUTFF0020330000001792313
2022-05-05,09:00:40.114,osPartiallyFilled,sSell,1,119,HBFE2,華新科期貨 05,Limit,IOC,0,hHHHm,1651712440114,00,FUTFF0020330000001896409
2022-05-05,09:00:42.297,osPartiallyFilled,sSell,1,414,LYFE2,南電期貨 05,Limit,IOC,0,hHHHn,1651712442297,00,FUTFF00201800000019100505
2022-05-05,09:01:13.246,osPartiallyFilled,sSell,1,416,LYFE2,南電期貨 05,Limit,IOC,0,hHHI5,1651712473246,00,FUTFF00203300000033112793
2022-05-05,09:01:13.269,osPartiallyFilled,sSell,1,416,LYFE2,南電期貨 05,Limit,IOC,0,hHHI6,1651712473269,00,FUTFF00201800000034116889
2022-05-05,09:01:26.687,osPartiallyFilled,sBuy,1,116,GHFE2,技嘉期貨 05,Limit,IOC,0,hHHID,1651712486687,00,FUTFF00201800000043129177
2022-05-05,09:01:29.798,osPartiallyFilled,sBuy,3,116,GHFE2,技嘉期貨 05,Limit,IOC,0,hHHIG,1651712489798,00,FUTFF00203300000043133273
2022-05-05,09:01:38.537,osPartiallyFilled,sSell,1,39,DIFE2,旺宏期貨 05,Limit,IOC,0,hHHIK,1651712498537,00,FUTFF00203300000047141465
2022-05-05,09:02:02.661,osPartiallyFilled,sSell,1,13.45,OEFE2,彩晶期貨 05,Limit,IOC,0,hHHIg,1651712522661,00,FUTFF00201800000081145561
2022-05-05,09:02:16.799,osPartiallyFilled,sSell,2,126.5,IIFE2,晶豪科期貨 05,Limit,IOC,0,hHHIm,1651712536799,00,FUTFF00203300000069157849
2022-05-05,09:03:10.397,osPartiallyFilled,sBuy,1,84.1,PRFE2,宏捷科期貨 05,Limit,IOC,0,hHHJc,1651712590397,00,FUTFF00203300000118170137
2022-05-05,09:03:10.405,osPartiallyFilled,sBuy,1,84.1,PRFE2,宏捷科期貨 05,Limit,IOC,0,hHHJd,1651712590405,00,FUTFF00201800000179174233
2022-05-05,09:03:36.168,osPartiallyFilled,sBuy,1,115,GHFE2,技嘉期貨 05,Limit,IOC,0,hHHJt,1651712616168,00,FUTFF00203300000128182425
2022-05-05,09:04:03.136,osPartiallyFilled,sBuy,7,131.5,DAFE2,陽明期貨 05,Limit,IOC,0,hHHKM,1651712643136,00,FUTFF00201800000250190617
2022-05-05,09:04:08.178,osPartiallyFilled,sBuy,1,74.6,KGFE2,啟碁期貨 05,Limit,IOC,0,hHHKW,1651712648178,00,FUTFF00201800000267194713
2022-05-05,09:04:32.069,osPartiallyFilled,sSell,1,418.5,LYFE2,南電期貨 05,Limit,IOC,0,hHHKr,1651712672069,00,FUTFF00203300000157198809
2022-05-05,09:05:47.256,osPartiallyFilled,sSell,1,418.5,LYFE2,南電期貨 05,Limit,IOC,0,hHHLk,1651712747256,00,FUTFF00201800000384202905
2022-05-05,09:05:47.388,osPartiallyFilled,sSell,1,419.5,LYFE2,南電期貨 05,Limit,ROD,0,hHHLP,1651712747388,00,FUTFF00203300000221817321
2022-05-05,09:05:47.388,osPartiallyFilled,sSell,2,419.5,LYFE2,南電期貨 05,Limit,ROD,0,hHHLP,1651712747388,00,FUTFF00203300000222817321
2022-05-05,09:07:30.272,osPartiallyFilled,sBuy,1,28.45,DSFE2,宏碁期貨 05,Limit,IOC,0,hHHQN,1651712850272,00,FUTFF00203300000474207001
2022-05-05,09:08:38.425,osPartiallyFilled,sBuy,1,115,GHFE2,技嘉期貨 05,Limit,IOC,0,hHHS6,1651712918425,00,FUTFF00203300000571211097
2022-05-05,09:09:29.374,osPartiallyFilled,sSell,2,126,IIFE2,晶豪科期貨 05,Limit,IOC,0,hHHTE,1651712969374,00,FUTFF00201800000978215193
2022-05-05,09:09:29.382,osPartiallyFilled,sSell,1,126,IIFE2,晶豪科期貨 05,Limit,IOC,0,hHHTF,1651712969382,00,FUTFF00203300000614219289
2022-05-05,09:09:45.326,osPartiallyFilled,sSell,5,126.5,IIFE2,晶豪科期貨 05,Limit,IOC,0,hHHTi,1651712985326,00,FUTFF00203300000644227481
2022-05-05,09:12:02.377,osPartiallyFilled,sBuy,1,162.5,OUFE2,同致期貨 05,Limit,IOC,0,hHHZR,1651713122377,00,FUTFF00201800001417231577
2022-05-05,09:12:44.592,osPartiallyFilled,sBuy,1,162,OUFE2,同致期貨 05,Limit,IOC,0,hHHaN,1651713164592,00,FUTFF00203300001054243865
2022-05-05,09:16:32.562,osPartiallyFilled,sSell,1,208,QDFE2,台勝科期貨 05,Limit,ROD,0,hHHdH,1651713392562,00,FUTFF002033000012755310633
2022-05-05,09:16:43.825,osPartiallyFilled,sSell,2,9.7,DDFE2,新光金期貨 05,Limit,IOC,0,hHHdp,1651713403825,00,FUTFF00203300001281252057
2022-05-05,09:17:38.950,osPartiallyFilled,sSell,1,208,QDFE2,台勝科期貨 05,Limit,ROD,0,hHHdk,1651713458950,00,FUTFF002018000018425425321
2022-05-05,09:19:35.307,osPartiallyFilled,sBuy,1,83,PRFE2,宏捷科期貨 05,Limit,IOC,0,hHHhK,1651713575307,00,FUTFF00203300001543260249
2022-05-05,09:19:37.695,osPartiallyFilled,sSell,1,210,QDFE2,台勝科期貨 05,Limit,ROD,0,hHHhB,1651713577695,00,FUTFF002033000015496289577
2022-05-05,09:19:37.697,osPartiallyFilled,sSell,1,210,QDFE2,台勝科期貨 05,Limit,ROD,0,hHHhS,1651713577697,00,FUTFF002018000019796355113
2022-05-05,09:19:57.490,osPartiallyFilled,sBuy,1,82.8,PRFE2,宏捷科期貨 05,Limit,IOC,0,hHHhh,1651713597490,00,FUTFF00203300001561264345
2022-05-05,09:20:03.283,osPartiallyFilled,sBuy,1,82.7,PRFE2,宏捷科期貨 05,Limit,IOC,0,hHHhm,1651713603283,00,FUTFF00203300001568268441
2022-05-05,09:20:21.680,osPartiallyFilled,sSell,1,210.5,QDFE2,台勝科期貨 05,Limit,ROD,0,hHHhg,1651713621680,00,FUTFF002033000016006412457
2022-05-05,09:20:21.683,osPartiallyFilled,sSell,1,210.5,QDFE2,台勝科期貨 05,Limit,ROD,0,hHHiC,1651713621683,00,FUTFF002018000020496535337
2022-05-05,09:20:21.686,osPartiallyFilled,sSell,1,210.5,QDFE2,台勝科期貨 05,Limit,ROD,0,hHHiD,1651713621686,00,FUTFF002033000016016539433
2022-05-05,09:20:38.119,osPartiallyFilled,sBuy,1,28.45,DSFE2,宏碁期貨 05,Limit,IOC,0,hHHiG,1651713638119,00,FUTFF00203300001622272537
2022-05-05,09:21:05.345,osPartiallyFilled,sSell,1,13.6,OEFE2,彩晶期貨 05,Limit,IOC,0,hHHiX,1651713665345,00,FUTFF00201800002085276633
2022-05-05,09:23:09.171,osPartiallyFilled,sBuy,2,28.4,DSFE2,宏碁期貨 05,Limit,IOC,0,hHHks,1651713789171,00,FUTFF00201800002288288921
2022-05-05,09:23:46.456,osPartiallyFilled,sBuy,1,487,JBFE2,創意期貨 05,Limit,IOC,0,hHHlL,1651713826456,00,FUTFF00203300001779293017
2022-05-05,09:23:54.323,osPartiallyFilled,sBuy,1,484.5,JBFE2,創意期貨 05,Limit,IOC,0,hHHlR,1651713834323,00,FUTFF00201800002326297113
2022-05-05,09:28:27.725,osPartiallyFilled,sBuy,4,28.4,DSFE2,宏碁期貨 05,Limit,IOC,0,hHHrH,1651714107725,00,FUTFF00203300002210301209
2022-05-05,09:49:10.407,osPartiallyFilled,sBuy,1,28.35,DSFE2,宏碁期貨 05,Limit,IOC,0,hHI2z,1651715350407,00,FUTFF00201800003577321689
2022-05-05,09:49:15.193,osPartiallyFilled,sBuy,1,28.35,DSFE2,宏碁期貨 05,Limit,IOC,0,hHI30,1651715355193,00,FUTFF00201800003578325785
2022-05-05,10:12:44.597,osPartiallyFilled,sBuy,1,115,GHFE2,技嘉期貨 05,Limit,IOC,0,hHILM,1651716764597,00,FUTFF00201800004850338073
2022-05-05,10:12:47.956,osPartiallyFilled,sBuy,2,28.35,DSFE2,宏碁期貨 05,Limit,IOC,0,hHILO,1651716767956,00,FUTFF00201800004853342169
2022-05-05,11:15:48.397,osPartiallyFilled,sBuy,2,1410,PHFE2,祥碩期貨 05,Limit,IOC,0,hHIz6,1651720548397,00,FUTFF00201800007954346265
2022-05-05,11:22:33.227,osPartiallyFilled,sBuy,1,28.3,DSFE2,宏碁期貨 05,Limit,IOC,0,hHJ1f,1651720953227,00,FUTFF00203300006945354457
2022-05-05,11:26:46.934,osPartiallyFilled,sBuy,1,84.4,PRFE2,宏捷科期貨 05,Limit,IOC,0,hHJ2s,1651721206934,00,FUTFF00201800008199358553
2022-05-05,11:30:42.345,osPartiallyFilled,sBuy,1,114.5,GHFE2,技嘉期貨 05,Limit,IOC,0,hHJ4Q,1651721442345,00,FUTFF00203300007138362649
2022-05-05,11:30:42.440,osPartiallyFilled,sBuy,1,114.5,GHFE2,技嘉期貨 05,Limit,IOC,0,hHJ4R,1651721442440,00,FUTFF00201800008310366745
2022-05-05,11:30:42.462,osPartiallyFilled,sBuy,2,114.5,GHFE2,技嘉期貨 05,Limit,IOC,0,hHJ4S,1651721442462,00,FUTFF00203300007139370841
2022-05-05,11:34:26.534,osPartiallyFilled,sBuy,2,28.35,DSFE2,宏碁期貨 05,Limit,IOC,0,hHJ6S,1651721666534,00,FUTFF00201800008439379033
2022-05-05,12:45:05.555,osPartiallyFilled,sBuy,2,50.7,HCFE2,宏達電期貨 05,Limit,IOC,0,hHJtb,1651725905555,00,FUTFF00203300010336387225
2022-05-05,13:29:55.216,osPartiallyFilled,sBuy,1,21.6,JZFE2,嘉聯益期貨 05,Limit,IOC,0,hHK4s,1651728595216,00,FUTFF00203300011053395417
2022-05-05,13:29:59.602,osPartiallyFilled,sSell,2,497.5,LWFE2,儒鴻期貨 05,Limit,IOC,0,hHK4t,1651728599602,00,FUTFF00203300011054399513
