2022-05-05,09:00:00.190,osPartiallyFilled,sSell,2,39.2,2337,旺宏,Limit,None,4,ya2HC,1651712400190,00,TSEF9A9520000000176516577
2022-05-05,09:00:00.190,osPartiallyFilled,sBuy,14,132,2609,陽明,Limit,None,0,ya2HE,1651712400190,00,TSEF9A9510000000196220673
2022-05-05,09:00:02.546,osPartiallyFilled,sBuy,8,9.7,2888,新光金,Limit,None,0,ya2Ij,1651712402546,00,TSEF9A9510000001305437057
2022-05-05,09:00:02.546,osPartiallyFilled,sBuy,2,9.71,2888,新光金,Limit,None,0,ya2Ij,1651712402546,00,TSEF9A9510000001305537057
2022-05-05,09:00:02.546,osPartiallyFilled,sBuy,2,9.71,2888,新光金,Limit,None,0,ya2Ij,1651712402546,00,TSEF9A9510000001305637057
2022-05-05,09:00:02.548,osPartiallyFilled,sBuy,4,9.71,2888,新光金,Limit,None,0,ya2Ik,1651712402548,00,TSEF9A9510000001305741153
2022-05-05,09:00:02.797,osPartiallyFilled,sBuy,1,75.2,6285,啟碁,Limit,None,0,ya2Gi,1651712402797,00,TSEF9A951000000134794289
2022-05-05,09:00:02.797,osPartiallyFilled,sBuy,1,75.2,6285,啟碁,Limit,None,0,ya2Gi,1651712402797,00,TSEF9A951000000134804289
2022-05-05,09:00:03.011,osPartiallyFilled,sBuy,2,9.69,2888,新光金,Limit,None,0,ya2Ir,1651712403011,00,TSEF9A9510000001426745249
2022-05-05,09:00:03.636,osPartiallyFilled,sBuy,2,9.69,2888,新光金,Limit,None,0,ya2Is,1651712403636,00,TSEF9A9510000001728249345
2022-05-05,09:00:04.000,osPartiallyFilled,sSell,12,50.4,2498,宏達電,Limit,None,4,ya2H1,1651712404000,00,TSEF9A952000000187538385
2022-05-05,09:00:04.713,osPartiallyFilled,sBuy,3,197,3105,穩懋,Limit,None,0,ya2H6,1651712404713,00,OTCF9A9510000000198512481
2022-05-05,09:00:04.713,osPartiallyFilled,sBuy,1,197,3105,穩懋,Limit,None,0,ya2H6,1651712404713,00,OTCF9A9510000000198612481
2022-05-05,09:00:05.099,osPartiallyFilled,sBuy,2,399,3034,聯詠,Limit,None,0,ya2HH,1651712405099,00,TSEF9A9510000002154824769
2022-05-05,09:00:05.099,osPartiallyFilled,sBuy,2,399,3034,聯詠,Limit,None,0,ya2HH,1651712405099,00,TSEF9A9510000002154924769
2022-05-05,09:00:10.437,osPartiallyFilled,sBuy,1,460,3443,創意,Limit,None,0,ya2PN,1651712410437,00,TSEF9A9510000003108153441
2022-05-05,09:00:10.437,osPartiallyFilled,sBuy,1,460,3443,創意,Limit,None,0,ya2PN,1651712410437,00,TSEF9A9510000003108253441
2022-05-05,09:00:10.437,osPartiallyFilled,sBuy,1,460,3443,創意,Limit,None,0,ya2PN,1651712410437,00,TSEF9A9510000003108353441
2022-05-05,09:00:10.437,osPartiallyFilled,sBuy,1,460,3443,創意,Limit,None,0,ya2PN,1651712410437,00,TSEF9A9510000003108453441
2022-05-05,09:00:11.729,osPartiallyFilled,sBuy,1,29.6,6282,康舒,Limit,None,0,ya2Qc,1651712411729,00,TSEF9A9510000003456061633
2022-05-05,09:00:11.729,osPartiallyFilled,sBuy,1,29.6,6282,康舒,Limit,None,0,ya2Qc,1651712411729,00,TSEF9A9510000003456161633
2022-05-05,09:00:16.356,osPartiallyFilled,sSell,1,164,3552,同致,Limit,None,4,ya2HV,1651712416356,00,OTCF9A9520000000863632961
2022-05-05,09:00:16.356,osPartiallyFilled,sSell,1,164,3552,同致,Limit,None,4,ya2HV,1651712416356,00,OTCF9A9520000000863732961
2022-05-05,09:00:17.436,osPartiallyFilled,sSell,1,91.7,2455,全新,Limit,None,4,ya2Ge,1651712417436,00,TSEF9A95200000044344193
2022-05-05,09:00:17.436,osPartiallyFilled,sSell,3,91.7,2455,全新,Limit,None,4,ya2Ge,1651712417436,00,TSEF9A95200000044345193
2022-05-05,09:00:22.483,osPartiallyFilled,sSell,1,197,3105,穩懋,Limit,None,0,ya2cr,1651712422483,00,OTCF9A9520000001127969825
2022-05-05,09:00:22.483,osPartiallyFilled,sSell,1,197,3105,穩懋,Limit,None,0,ya2cr,1651712422483,00,OTCF9A9520000001128069825
2022-05-05,09:00:30.202,osPartiallyFilled,sSell,1,399.5,3034,聯詠,Limit,None,0,ya2kx,1651712430202,00,TSEF9A9520000005283978017
2022-05-05,09:00:30.202,osPartiallyFilled,sSell,1,399.5,3034,聯詠,Limit,None,0,ya2kx,1651712430202,00,TSEF9A9520000005284078017
2022-05-05,09:00:30.657,osPartiallyFilled,sSell,1,399.5,3034,聯詠,Limit,None,0,ya2lX,1651712430657,00,TSEF9A9520000005313682113
2022-05-05,09:00:30.657,osPartiallyFilled,sSell,1,399.5,3034,聯詠,Limit,None,0,ya2lX,1651712430657,00,TSEF9A9520000005313782113
2022-05-05,09:00:31.385,osPartiallyFilled,sSell,1,197,3105,穩懋,Limit,None,0,ya2m7,1651712431385,00,OTCF9A9520000001250386209
2022-05-05,09:00:31.385,osPartiallyFilled,sSell,1,197,3105,穩懋,Limit,None,0,ya2m7,1651712431385,00,OTCF9A9520000001250486209
2022-05-05,09:00:40.058,osPartiallyFilled,sBuy,2,119,2492,華新科,Limit,None,0,ya2uZ,1651712440058,00,TSEF9A9510000005850194401
2022-05-05,09:00:42.239,osPartiallyFilled,sBuy,2,414,8046,南電,Limit,None,0,ya2wS,1651712442239,00,TSEF9A9510000005951798497
2022-05-05,09:01:13.172,osPartiallyFilled,sBuy,1,416,8046,南電,Limit,None,0,ya3P3,1651712473172,00,TSEF9A95100000075239106689
2022-05-05,09:01:13.172,osPartiallyFilled,sBuy,1,416,8046,南電,Limit,None,0,ya3P3,1651712473172,00,TSEF9A95100000075240106689
2022-05-05,09:01:13.196,osPartiallyFilled,sBuy,2,416,8046,南電,Limit,None,0,ya3P5,1651712473196,00,TSEF9A95100000075255110785
2022-05-05,09:01:26.607,osPartiallyFilled,sSell,1,117,2376,技嘉,Limit,None,4,ya3a6,1651712486607,00,TSEF9A95200000082207123073
2022-05-05,09:01:26.607,osPartiallyFilled,sSell,1,116.5,2376,技嘉,Limit,None,4,ya3a6,1651712486607,00,TSEF9A95200000082208123073
2022-05-05,09:01:29.719,osPartiallyFilled,sSell,1,116.5,2376,技嘉,Limit,None,4,ya3cO,1651712489719,00,TSEF9A95200000083547127169
2022-05-05,09:01:29.719,osPartiallyFilled,sSell,2,116.5,2376,技嘉,Limit,None,4,ya3cO,1651712489719,00,TSEF9A95200000083548127169
2022-05-05,09:01:29.719,osPartiallyFilled,sSell,1,116.5,2376,技嘉,Limit,None,4,ya3cO,1651712489719,00,TSEF9A95200000083549127169
2022-05-05,09:01:29.719,osPartiallyFilled,sSell,1,116.5,2376,技嘉,Limit,None,4,ya3cO,1651712489719,00,TSEF9A95200000083550127169
2022-05-05,09:01:29.719,osPartiallyFilled,sSell,1,116.5,2376,技嘉,Limit,None,4,ya3cO,1651712489719,00,TSEF9A95200000083551127169
2022-05-05,09:01:38.452,osPartiallyFilled,sBuy,1,39.15,2337,旺宏,Limit,None,0,ya3iR,1651712498452,00,TSEF9A95100000086798131265
2022-05-05,09:01:38.452,osPartiallyFilled,sBuy,1,39.15,2337,旺宏,Limit,None,0,ya3iR,1651712498452,00,TSEF9A95100000086799131265
2022-05-05,09:02:02.563,osPartiallyFilled,sBuy,1,13.5,6116,彩晶,Limit,None,0,ya3wV,1651712522563,00,TSEF9A95100000097064135361
2022-05-05,09:02:02.563,osPartiallyFilled,sBuy,1,13.5,6116,彩晶,Limit,None,0,ya3wV,1651712522563,00,TSEF9A95100000097065135361
2022-05-05,09:02:16.695,osPartiallyFilled,sBuy,4,127,3006,晶豪科,Limit,None,0,ya442,1651712536695,00,TSEF9A95100000104316143553
2022-05-05,09:03:10.331,osPartiallyFilled,sSell,2,84.8,8086,宏捷科,Limit,None,4,ya4PE,1651712590331,00,OTCF9A95200000032265151745
2022-05-05,09:03:10.339,osPartiallyFilled,sSell,2,84.8,8086,宏捷科,Limit,None,4,ya4PF,1651712590339,00,OTCF9A95200000032267155841
2022-05-05,09:03:36.024,osPartiallyFilled,sSell,2,116,2376,技嘉,Limit,None,4,ya4XH,1651712616024,00,TSEF9A95200000134168164033
2022-05-05,09:04:03.104,osPartiallyFilled,sSell,1,131.5,2609,陽明,Limit,None,0,ya4eq,1651712643104,00,TSEF9A95200000143095172225
2022-05-05,09:04:03.104,osPartiallyFilled,sSell,13,131.5,2609,陽明,Limit,None,0,ya4eq,1651712643104,00,TSEF9A95200000143096172225
2022-05-05,09:04:08.160,osPartiallyFilled,sSell,1,74.6,6285,啟碁,Limit,None,0,ya4h6,1651712648160,00,TSEF9A95200000144669180417
2022-05-05,09:04:08.160,osPartiallyFilled,sSell,1,74.6,6285,啟碁,Limit,None,0,ya4h6,1651712648160,00,TSEF9A95200000144670180417
2022-05-05,09:04:32.088,osPartiallyFilled,sBuy,2,419,8046,南電,Limit,None,0,ya4n6,1651712672088,00,TSEF9A95100000153205184513
2022-05-05,09:05:47.320,osPartiallyFilled,sBuy,2,419,8046,南電,Limit,None,0,ya4ws,1651712747320,00,TSEF9A95100000176207188609
2022-05-05,09:05:47.455,osPartiallyFilled,sBuy,1,419.5,8046,南電,Limit,None,4,ya4wv,1651712747455,00,TSEF9A95100000176255265
2022-05-05,09:05:47.455,osPartiallyFilled,sBuy,1,419.5,8046,南電,Limit,None,4,ya4wv,1651712747455,00,TSEF9A95100000176256265
2022-05-05,09:05:47.456,osPartiallyFilled,sBuy,1,419.5,8046,南電,Limit,None,4,ya4ww,1651712747456,00,TSEF9A951000001762574361
2022-05-05,09:05:47.456,osPartiallyFilled,sBuy,3,419.5,8046,南電,Limit,None,4,ya4ww,1651712747456,00,TSEF9A951000001762584361
2022-05-05,09:07:30.387,osPartiallyFilled,sSell,2,28.65,2353,宏碁,Limit,None,4,ya54h,1651712850387,00,TSEF9A95200000205865192705
2022-05-05,09:08:38.575,osPartiallyFilled,sSell,2,115.5,2376,技嘉,Limit,None,4,ya58g,1651712918575,00,TSEF9A95200000223850196801
2022-05-05,09:09:29.361,osPartiallyFilled,sBuy,4,126.5,3006,晶豪科,Limit,None,0,ya5B9,1651712969361,00,TSEF9A95100000234692200897
2022-05-05,09:09:29.369,osPartiallyFilled,sBuy,2,126.5,3006,晶豪科,Limit,None,0,ya5BA,1651712969369,00,TSEF9A95100000234694204993
2022-05-05,09:09:45.300,osPartiallyFilled,sBuy,1,127,3006,晶豪科,Limit,None,0,ya5C2,1651712985300,00,TSEF9A95100000239545209089
2022-05-05,09:09:45.300,osPartiallyFilled,sBuy,1,127,3006,晶豪科,Limit,None,0,ya5C2,1651712985300,00,TSEF9A95100000239546209089
2022-05-05,09:09:45.300,osPartiallyFilled,sBuy,2,127,3006,晶豪科,Limit,None,0,ya5C2,1651712985300,00,TSEF9A95100000239547209089
2022-05-05,09:09:45.300,osPartiallyFilled,sBuy,1,127,3006,晶豪科,Limit,None,0,ya5C2,1651712985300,00,TSEF9A95100000239548209089
2022-05-05,09:09:45.300,osPartiallyFilled,sBuy,1,127,3006,晶豪科,Limit,None,0,ya5C2,1651712985300,00,TSEF9A95100000239549209089
2022-05-05,09:09:45.300,osPartiallyFilled,sBuy,1,127,3006,晶豪科,Limit,None,0,ya5C2,1651712985300,00,TSEF9A95100000239550209089
2022-05-05,09:09:45.300,osPartiallyFilled,sBuy,1,127,3006,晶豪科,Limit,None,0,ya5C2,1651712985300,00,TSEF9A95100000239551209089
2022-05-05,09:09:45.300,osPartiallyFilled,sBuy,2,127,3006,晶豪科,Limit,None,0,ya5C2,1651712985300,00,TSEF9A95100000239552209089
2022-05-05,09:12:02.346,osPartiallyFilled,sSell,2,163,3552,同致,Limit,None,4,ya5Gn,1651713122346,00,OTCF9A95200000077630213185
2022-05-05,09:12:44.545,osPartiallyFilled,sSell,1,163,3552,同致,Limit,None,4,ya5Hm,1651713164545,00,OTCF9A95200000080532225473
2022-05-05,09:12:44.545,osPartiallyFilled,sSell,1,163,3552,同致,Limit,None,4,ya5Hm,1651713164545,00,OTCF9A95200000080533225473
2022-05-05,09:16:32.649,osPartiallyFilled,sBuy,1,207,3532,台勝科,Limit,None,0,ya5MM,1651713392649,00,TSEF9A951000003567638457
2022-05-05,09:16:32.649,osPartiallyFilled,sBuy,1,207,3532,台勝科,Limit,None,0,ya5MM,1651713392649,00,TSEF9A951000003567648457
2022-05-05,09:16:43.918,osPartiallyFilled,sBuy,4,9.7,2888,新光金,Limit,None,0,ya5MQ,1651713403918,00,TSEF9A95100000359133229569
2022-05-05,09:17:39.070,osPartiallyFilled,sBuy,2,207,3532,台勝科,Limit,None,0,ya5My,1651713459070,00,TSEF9A9510000037039512553
2022-05-05,09:19:35.423,osPartiallyFilled,sSell,2,83.4,8086,宏捷科,Limit,None,4,ya5NV,1651713575423,00,OTCF9A95200000113432237761
2022-05-05,09:19:37.674,osPartiallyFilled,sBuy,1,209,3532,台勝科,Limit,None,0,ya5NW,1651713577674,00,TSEF9A9510000039471216649
2022-05-05,09:19:37.674,osPartiallyFilled,sBuy,1,209,3532,台勝科,Limit,None,0,ya5NW,1651713577674,00,TSEF9A9510000039471316649
2022-05-05,09:19:37.677,osPartiallyFilled,sBuy,1,209,3532,台勝科,Limit,None,0,ya5NX,1651713577677,00,TSEF9A9510000039471620745
2022-05-05,09:19:37.677,osPartiallyFilled,sBuy,1,209,3532,台勝科,Limit,None,0,ya5NX,1651713577677,00,TSEF9A9510000039471720745
2022-05-05,09:19:57.615,osPartiallyFilled,sSell,1,83.3,8086,宏捷科,Limit,None,4,ya5NY,1651713597615,00,OTCF9A95200000114516241857
2022-05-05,09:19:57.615,osPartiallyFilled,sSell,1,83.3,8086,宏捷科,Limit,None,4,ya5NY,1651713597615,00,OTCF9A95200000114517241857
2022-05-05,09:20:03.413,osPartiallyFilled,sSell,1,83.3,8086,宏捷科,Limit,None,4,ya5Nv,1651713603413,00,OTCF9A95200000114848245953
2022-05-05,09:20:03.413,osPartiallyFilled,sSell,1,83.3,8086,宏捷科,Limit,None,4,ya5Nv,1651713603413,00,OTCF9A95200000114849245953
2022-05-05,09:20:21.633,osPartiallyFilled,sBuy,2,209.5,3532,台勝科,Limit,None,0,ya5OO,1651713621633,00,TSEF9A9510000040147924841
2022-05-05,09:20:21.636,osPartiallyFilled,sBuy,1,210,3532,台勝科,Limit,None,0,ya5OP,1651713621636,00,TSEF9A9510000040149028937
2022-05-05,09:20:21.636,osPartiallyFilled,sBuy,1,210,3532,台勝科,Limit,None,0,ya5OP,1651713621636,00,TSEF9A9510000040149128937
2022-05-05,09:20:21.639,osPartiallyFilled,sBuy,2,210,3532,台勝科,Limit,None,0,ya5OQ,1651713621639,00,TSEF9A9510000040149233033
2022-05-05,09:20:38.064,osPartiallyFilled,sSell,2,28.6,2353,宏碁,Limit,None,4,ya5Om,1651713638064,00,TSEF9A95200000403560250049
2022-05-05,09:21:05.276,osPartiallyFilled,sBuy,2,13.65,6116,彩晶,Limit,None,0,ya5PH,1651713665276,00,TSEF9A95100000413591254145
2022-05-05,09:23:09.041,osPartiallyFilled,sSell,4,28.6,2353,宏碁,Limit,None,4,ya5QG,1651713789041,00,TSEF9A95200000445309266433
2022-05-05,09:23:46.331,osPartiallyFilled,sSell,1,488.5,3443,創意,Limit,None,4,ya5QL,1651713826331,00,TSEF9A95200000451221270529
2022-05-05,09:23:46.331,osPartiallyFilled,sSell,1,488.5,3443,創意,Limit,None,4,ya5QL,1651713826331,00,TSEF9A95200000451222270529
2022-05-05,09:23:54.259,osPartiallyFilled,sSell,1,488.5,3443,創意,Limit,None,4,ya5QO,1651713834259,00,TSEF9A95200000452677274625
2022-05-05,09:23:54.259,osPartiallyFilled,sSell,1,488.5,3443,創意,Limit,None,4,ya5QO,1651713834259,00,TSEF9A95200000452678274625
2022-05-05,09:28:27.872,osPartiallyFilled,sSell,2,28.6,2353,宏碁,Limit,None,4,ya5T4,1651714107872,00,TSEF9A95200000514573278721
2022-05-05,09:28:27.872,osPartiallyFilled,sSell,6,28.6,2353,宏碁,Limit,None,4,ya5T4,1651714107872,00,TSEF9A95200000514574278721
2022-05-05,09:49:10.422,osPartiallyFilled,sSell,1,28.55,2353,宏碁,Limit,None,4,ya8Ag,1651715350422,00,TSEF9A95200000695132299201
2022-05-05,09:49:10.422,osPartiallyFilled,sSell,1,28.55,2353,宏碁,Limit,None,4,ya8Ag,1651715350422,00,TSEF9A95200000695133299201
2022-05-05,09:49:15.199,osPartiallyFilled,sSell,2,28.5,2353,宏碁,Limit,None,4,ya8BQ,1651715355199,00,TSEF9A95200000696261303297
2022-05-05,10:12:44.478,osPartiallyFilled,sSell,1,116,2376,技嘉,Limit,None,4,yaBXu,1651716764478,00,TSEF9A95200000860502311489
2022-05-05,10:12:44.478,osPartiallyFilled,sSell,1,115.5,2376,技嘉,Limit,None,4,yaBXu,1651716764478,00,TSEF9A95200000860503311489
2022-05-05,10:12:47.837,osPartiallyFilled,sSell,4,28.5,2353,宏碁,Limit,None,4,yaBYP,1651716767837,00,TSEF9A95200000860851315585
2022-05-05,11:15:48.463,osPartiallyFilled,sSell,1,1410,5269,祥碩,Limit,None,0,yaJzb,1651720548463,00,TSEF9A95200001208920319681
2022-05-05,11:15:48.463,osPartiallyFilled,sSell,1,1410,5269,祥碩,Limit,None,0,yaJzb,1651720548463,00,TSEF9A95200001208921319681
2022-05-05,11:15:48.463,osPartiallyFilled,sSell,1,1410,5269,祥碩,Limit,None,0,yaJzb,1651720548463,00,TSEF9A95200001208922319681
2022-05-05,11:15:48.463,osPartiallyFilled,sSell,1,1410,5269,祥碩,Limit,None,0,yaJzb,1651720548463,00,TSEF9A95200001208923319681
2022-05-05,11:22:33.115,osPartiallyFilled,sSell,2,28.5,2353,宏碁,Limit,None,4,yaKqx,1651720953115,00,TSEF9A95200001240148327873
2022-05-05,11:26:46.959,osPartiallyFilled,sSell,2,85,8086,宏捷科,Limit,None,4,yaLOF,1651721206959,00,OTCF9A95200000333440331969
2022-05-05,11:30:42.291,osPartiallyFilled,sSell,2,115.5,2376,技嘉,Limit,None,4,yaLtS,1651721442291,00,TSEF9A95200001276871336065
2022-05-05,11:30:42.384,osPartiallyFilled,sSell,2,115.5,2376,技嘉,Limit,None,4,yaLtV,1651721442384,00,TSEF9A95200001276892340161
2022-05-05,11:30:42.406,osPartiallyFilled,sSell,4,115.5,2376,技嘉,Limit,None,4,yaLtW,1651721442406,00,TSEF9A95200001276893344257
2022-05-05,11:34:26.548,osPartiallyFilled,sSell,4,28.55,2353,宏碁,Limit,None,4,yaMLK,1651721666548,00,TSEF9A95200001291642352449
2022-05-05,12:45:05.605,osPartiallyFilled,sSell,4,51,2498,宏達電,Limit,None,4,yaTFw,1651725905605,00,TSEF9A95200001603319356545
2022-05-05,13:30:00.000,osPartiallyFilled,sBuy,1,493.5,1476,儒鴻,Limit,None,0,yaTb2,1651728600000,00,TSEF9A95100001869579364737
2022-05-05,13:30:00.000,osPartiallyFilled,sBuy,3,493.5,1476,儒鴻,Limit,None,0,yaTb2,1651728600000,00,TSEF9A95100001869580364737
2022-05-05,13:30:00.000,osPartiallyFilled,sSell,2,21.75,6153,嘉聯益,Limit,None,4,yaTb1,1651728600000,00,TSEF9A95200001911620360641
